The system is: Darwin - 20.5.0 - x86_64
Compiling the C compiler identification source file "CMakeCCompilerId.c" succeeded.
Compiler:  
Build flags: 
Id flags:  

The output was:
0
Command line invocation:
    /Applications/Xcode.app/Contents/Developer/usr/bin/xcodebuild

User defaults from command line:
    IDEPackageSupportUseBuiltinSCM = YES

note: Using new build system
note: Planning build
note: Analyzing workspace
note: Constructing build description
note: Build preparation complete
CreateBuildDirectory /Users/kangyixiao/EchoFile/coding/SJTU-SE/SE344_ComputerGraphics/glfw-3.3.4/build/CMakeFiles/3.21.2/CompilerIdC
    cd /Users/kangyixiao/EchoFile/coding/SJTU-SE/SE344_ComputerGraphics/glfw-3.3.4/build/CMakeFiles/3.21.2/CompilerIdC/CompilerIdC.xcodeproj
    builtin-create-build-directory /Users/kangyixiao/EchoFile/coding/SJTU-SE/SE344_ComputerGraphics/glfw-3.3.4/build/CMakeFiles/3.21.2/CompilerIdC

warning: Traditional headermap style is no longer supported; please migrate to using separate headermaps and set 'ALWAYS_SEARCH_USER_PATHS' to NO. (in target 'CompilerIdC' from project 'CompilerIdC')
WriteAuxiliaryFile /Users/kangyixiao/EchoFile/coding/SJTU-SE/SE344_ComputerGraphics/glfw-3.3.4/build/CMakeFiles/3.21.2/CompilerIdC/CompilerIdC.build/Debug/CompilerIdC.build/CompilerIdC-own-target-headers.hmap (in target 'CompilerIdC' from project 'CompilerIdC')
    cd /Users/kangyixiao/EchoFile/coding/SJTU-SE/SE344_ComputerGraphics/glfw-3.3.4/build/CMakeFiles/3.21.2/CompilerIdC
    write-file /Users/kangyixiao/EchoFile/coding/SJTU-SE/SE344_ComputerGraphics/glfw-3.3.4/build/CMakeFiles/3.21.2/CompilerIdC/CompilerIdC.build/Debug/CompilerIdC.build/CompilerIdC-own-target-headers.hmap

WriteAuxiliaryFile /Users/kangyixiao/EchoFile/coding/SJTU-SE/SE344_ComputerGraphics/glfw-3.3.4/build/CMakeFiles/3.21.2/CompilerIdC/CompilerIdC.build/Debug/CompilerIdC.build/CompilerIdC-all-non-framework-target-headers.hmap (in target 'CompilerIdC' from project 'CompilerIdC')
    cd /Users/kangyixiao/EchoFile/coding/SJTU-SE/SE344_ComputerGraphics/glfw-3.3.4/build/CMakeFiles/3.21.2/CompilerIdC
    write-file /Users/kangyixiao/EchoFile/coding/SJTU-SE/SE344_ComputerGraphics/glfw-3.3.4/build/CMakeFiles/3.21.2/CompilerIdC/CompilerIdC.build/Debug/CompilerIdC.build/CompilerIdC-all-non-framework-target-headers.hmap

WriteAuxiliaryFile /Users/kangyixiao/EchoFile/coding/SJTU-SE/SE344_ComputerGraphics/glfw-3.3.4/build/CMakeFiles/3.21.2/CompilerIdC/CompilerIdC.build/Debug/CompilerIdC.build/CompilerIdC-all-target-headers.hmap (in target 'CompilerIdC' from project 'CompilerIdC')
    cd /Users/kangyixiao/EchoFile/coding/SJTU-SE/SE344_ComputerGraphics/glfw-3.3.4/build/CMakeFiles/3.21.2/CompilerIdC
    write-file /Users/kangyixiao/EchoFile/coding/SJTU-SE/SE344_ComputerGraphics/glfw-3.3.4/build/CMakeFiles/3.21.2/CompilerIdC/CompilerIdC.build/Debug/CompilerIdC.build/CompilerIdC-all-target-headers.hmap

WriteAuxiliaryFile /Users/kangyixiao/EchoFile/coding/SJTU-SE/SE344_ComputerGraphics/glfw-3.3.4/build/CMakeFiles/3.21.2/CompilerIdC/CompilerIdC.build/Debug/CompilerIdC.build/CompilerIdC-project-headers.hmap (in target 'CompilerIdC' from project 'CompilerIdC')
    cd /Users/kangyixiao/EchoFile/coding/SJTU-SE/SE344_ComputerGraphics/glfw-3.3.4/build/CMakeFiles/3.21.2/CompilerIdC
    write-file /Users/kangyixiao/EchoFile/coding/SJTU-SE/SE344_ComputerGraphics/glfw-3.3.4/build/CMakeFiles/3.21.2/CompilerIdC/CompilerIdC.build/Debug/CompilerIdC.build/CompilerIdC-project-headers.hmap

WriteAuxiliaryFile /Users/kangyixiao/EchoFile/coding/SJTU-SE/SE344_ComputerGraphics/glfw-3.3.4/build/CMakeFiles/3.21.2/CompilerIdC/CompilerIdC.build/Debug/CompilerIdC.build/CompilerIdC.hmap (in target 'CompilerIdC' from project 'CompilerIdC')
    cd /Users/kangyixiao/EchoFile/coding/SJTU-SE/SE344_ComputerGraphics/glfw-3.3.4/build/CMakeFiles/3.21.2/CompilerIdC
    write-file /Users/kangyixiao/EchoFile/coding/SJTU-SE/SE344_ComputerGraphics/glfw-3.3.4/build/CMakeFiles/3.21.2/CompilerIdC/CompilerIdC.build/Debug/CompilerIdC.build/CompilerIdC.hmap

WriteAuxiliaryFile /Users/kangyixiao/EchoFile/coding/SJTU-SE/SE344_ComputerGraphics/glfw-3.3.4/build/CMakeFiles/3.21.2/CompilerIdC/CompilerIdC.build/Debug/CompilerIdC.build/CompilerIdC-generated-files.hmap (in target 'CompilerIdC' from project 'CompilerIdC')
    cd /Users/kangyixiao/EchoFile/coding/SJTU-SE/SE344_ComputerGraphics/glfw-3.3.4/build/CMakeFiles/3.21.2/CompilerIdC
    write-file /Users/kangyixiao/EchoFile/coding/SJTU-SE/SE344_ComputerGraphics/glfw-3.3.4/build/CMakeFiles/3.21.2/CompilerIdC/CompilerIdC.build/Debug/CompilerIdC.build/CompilerIdC-generated-files.hmap

WriteAuxiliaryFile /Users/kangyixiao/EchoFile/coding/SJTU-SE/SE344_ComputerGraphics/glfw-3.3.4/build/CMakeFiles/3.21.2/CompilerIdC/CompilerIdC.build/Debug/CompilerIdC.build/all-product-headers.yaml (in target 'CompilerIdC' from project 'CompilerIdC')
    cd /Users/kangyixiao/EchoFile/coding/SJTU-SE/SE344_ComputerGraphics/glfw-3.3.4/build/CMakeFiles/3.21.2/CompilerIdC
    write-file /Users/kangyixiao/EchoFile/coding/SJTU-SE/SE344_ComputerGraphics/glfw-3.3.4/build/CMakeFiles/3.21.2/CompilerIdC/CompilerIdC.build/Debug/CompilerIdC.build/all-product-headers.yaml

CompileC /Users/kangyixiao/EchoFile/coding/SJTU-SE/SE344_ComputerGraphics/glfw-3.3.4/build/CMakeFiles/3.21.2/CompilerIdC/CompilerIdC.build/Debug/CompilerIdC.build/Objects-normal/x86_64/CMakeCCompilerId.o /Users/kangyixiao/EchoFile/coding/SJTU-SE/SE344_ComputerGraphics/glfw-3.3.4/build/CMakeFiles/3.21.2/CompilerIdC/CMakeCCompilerId.c normal x86_64 c com.apple.compilers.llvm.clang.1_0.compiler (in target 'CompilerIdC' from project 'CompilerIdC')
    cd /Users/kangyixiao/EchoFile/coding/SJTU-SE/SE344_ComputerGraphics/glfw-3.3.4/build/CMakeFiles/3.21.2/CompilerIdC
    export LANG\=en_US.US-ASCII
    /Applications/Xcode.app/Contents/Developer/Toolchains/XcodeDefault.xctoolchain/usr/bin/clang -x c -target x86_64-apple-macos11.0 -fmessage-length\=0 -fdiagnostics-show-note-include-stack -fmacro-backtrace-limit\=0 -Wno-trigraphs -fpascal-strings -Os -Wno-missing-field-initializers -Wno-missing-prototypes -Wno-return-type -Wno-missing-braces -Wparentheses -Wswitch -Wno-unused-function -Wno-unused-label -Wno-unused-parameter -Wno-unused-variable -Wunused-value -Wno-empty-body -Wno-uninitialized -Wno-unknown-pragmas -Wno-shadow -Wno-four-char-constants -Wno-conversion -Wno-constant-conversion -Wno-int-conversion -Wno-bool-conversion -Wno-enum-conversion -Wno-float-conversion -Wno-non-literal-null-conversion -Wno-objc-literal-conversion -Wno-shorten-64-to-32 -Wpointer-sign -Wno-newline-eof -isysroot /Library/Developer/CommandLineTools/SDKs/MacOSX11.0.sdk -fasm-blocks -fstrict-aliasing -Wdeprecated-declarations -g -fvisibility\=hidden -Wno-sign-conversion -Wno-infinite-recursion -Wno-comma -Wno-block-capture-autoreleasing -Wno-strict-prototypes -Wno-semicolon-before-method-body -iquote /Users/kangyixiao/EchoFile/coding/SJTU-SE/SE344_ComputerGraphics/glfw-3.3.4/build/CMakeFiles/3.21.2/CompilerIdC/CompilerIdC.build/Debug/CompilerIdC.build/CompilerIdC-generated-files.hmap -I/Users/kangyixiao/EchoFile/coding/SJTU-SE/SE344_ComputerGraphics/glfw-3.3.4/build/CMakeFiles/3.21.2/CompilerIdC/CompilerIdC.build/Debug/CompilerIdC.build/CompilerIdC-own-target-headers.hmap -I/Users/kangyixiao/EchoFile/coding/SJTU-SE/SE344_ComputerGraphics/glfw-3.3.4/build/CMakeFiles/3.21.2/CompilerIdC/CompilerIdC.build/Debug/CompilerIdC.build/CompilerIdC-all-target-headers.hmap -iquote /Users/kangyixiao/EchoFile/coding/SJTU-SE/SE344_ComputerGraphics/glfw-3.3.4/build/CMakeFiles/3.21.2/CompilerIdC/CompilerIdC.build/Debug/CompilerIdC.build/CompilerIdC-project-headers.hmap -I/Users/kangyixiao/EchoFile/coding/SJTU-SE/SE344_ComputerGraphics/glfw-3.3.4/build/CMakeFiles/3.21.2/CompilerIdC/include -I/Users/kangyixiao/EchoFile/coding/SJTU-SE/SE344_ComputerGraphics/glfw-3.3.4/build/CMakeFiles/3.21.2/CompilerIdC/CompilerIdC.build/Debug/CompilerIdC.build/DerivedSources-normal/x86_64 -I/Users/kangyixiao/EchoFile/coding/SJTU-SE/SE344_ComputerGraphics/glfw-3.3.4/build/CMakeFiles/3.21.2/CompilerIdC/CompilerIdC.build/Debug/CompilerIdC.build/DerivedSources/x86_64 -I/Users/kangyixiao/EchoFile/coding/SJTU-SE/SE344_ComputerGraphics/glfw-3.3.4/build/CMakeFiles/3.21.2/CompilerIdC/CompilerIdC.build/Debug/CompilerIdC.build/DerivedSources -F/Users/kangyixiao/EchoFile/coding/SJTU-SE/SE344_ComputerGraphics/glfw-3.3.4/build/CMakeFiles/3.21.2/CompilerIdC -MMD -MT dependencies -MF /Users/kangyixiao/EchoFile/coding/SJTU-SE/SE344_ComputerGraphics/glfw-3.3.4/build/CMakeFiles/3.21.2/CompilerIdC/CompilerIdC.build/Debug/CompilerIdC.build/Objects-normal/x86_64/CMakeCCompilerId.d --serialize-diagnostics /Users/kangyixiao/EchoFile/coding/SJTU-SE/SE344_ComputerGraphics/glfw-3.3.4/build/CMakeFiles/3.21.2/CompilerIdC/CompilerIdC.build/Debug/CompilerIdC.build/Objects-normal/x86_64/CMakeCCompilerId.dia -c /Users/kangyixiao/EchoFile/coding/SJTU-SE/SE344_ComputerGraphics/glfw-3.3.4/build/CMakeFiles/3.21.2/CompilerIdC/CMakeCCompilerId.c -o /Users/kangyixiao/EchoFile/coding/SJTU-SE/SE344_ComputerGraphics/glfw-3.3.4/build/CMakeFiles/3.21.2/CompilerIdC/CompilerIdC.build/Debug/CompilerIdC.build/Objects-normal/x86_64/CMakeCCompilerId.o

WriteAuxiliaryFile /Users/kangyixiao/EchoFile/coding/SJTU-SE/SE344_ComputerGraphics/glfw-3.3.4/build/CMakeFiles/3.21.2/CompilerIdC/CompilerIdC.build/Debug/CompilerIdC.build/Objects-normal/x86_64/CompilerIdC.LinkFileList (in target 'CompilerIdC' from project 'CompilerIdC')
    cd /Users/kangyixiao/EchoFile/coding/SJTU-SE/SE344_ComputerGraphics/glfw-3.3.4/build/CMakeFiles/3.21.2/CompilerIdC
    write-file /Users/kangyixiao/EchoFile/coding/SJTU-SE/SE344_ComputerGraphics/glfw-3.3.4/build/CMakeFiles/3.21.2/CompilerIdC/CompilerIdC.build/Debug/CompilerIdC.build/Objects-normal/x86_64/CompilerIdC.LinkFileList

Ld /Users/kangyixiao/EchoFile/coding/SJTU-SE/SE344_ComputerGraphics/glfw-3.3.4/build/CMakeFiles/3.21.2/CompilerIdC/CompilerIdC normal (in target 'CompilerIdC' from project 'CompilerIdC')
    cd /Users/kangyixiao/EchoFile/coding/SJTU-SE/SE344_ComputerGraphics/glfw-3.3.4/build/CMakeFiles/3.21.2/CompilerIdC
    /Applications/Xcode.app/Contents/Developer/Toolchains/XcodeDefault.xctoolchain/usr/bin/clang -target x86_64-apple-macos11.0 -isysroot /Library/Developer/CommandLineTools/SDKs/MacOSX11.0.sdk -L/Users/kangyixiao/EchoFile/coding/SJTU-SE/SE344_ComputerGraphics/glfw-3.3.4/build/CMakeFiles/3.21.2/CompilerIdC -F/Users/kangyixiao/EchoFile/coding/SJTU-SE/SE344_ComputerGraphics/glfw-3.3.4/build/CMakeFiles/3.21.2/CompilerIdC -filelist /Users/kangyixiao/EchoFile/coding/SJTU-SE/SE344_ComputerGraphics/glfw-3.3.4/build/CMakeFiles/3.21.2/CompilerIdC/CompilerIdC.build/Debug/CompilerIdC.build/Objects-normal/x86_64/CompilerIdC.LinkFileList -Xlinker -object_path_lto -Xlinker /Users/kangyixiao/EchoFile/coding/SJTU-SE/SE344_ComputerGraphics/glfw-3.3.4/build/CMakeFiles/3.21.2/CompilerIdC/CompilerIdC.build/Debug/CompilerIdC.build/Objects-normal/x86_64/CompilerIdC_lto.o -Xlinker -dependency_info -Xlinker /Users/kangyixiao/EchoFile/coding/SJTU-SE/SE344_ComputerGraphics/glfw-3.3.4/build/CMakeFiles/3.21.2/CompilerIdC/CompilerIdC.build/Debug/CompilerIdC.build/Objects-normal/x86_64/CompilerIdC_dependency_info.dat -o /Users/kangyixiao/EchoFile/coding/SJTU-SE/SE344_ComputerGraphics/glfw-3.3.4/build/CMakeFiles/3.21.2/CompilerIdC/CompilerIdC

WriteAuxiliaryFile /Users/kangyixiao/EchoFile/coding/SJTU-SE/SE344_ComputerGraphics/glfw-3.3.4/build/CMakeFiles/3.21.2/CompilerIdC/CompilerIdC.build/Debug/CompilerIdC.build/Script-2C8FEB8E15DC1A1A00E56A5D.sh (in target 'CompilerIdC' from project 'CompilerIdC')
    cd /Users/kangyixiao/EchoFile/coding/SJTU-SE/SE344_ComputerGraphics/glfw-3.3.4/build/CMakeFiles/3.21.2/CompilerIdC
    write-file /Users/kangyixiao/EchoFile/coding/SJTU-SE/SE344_ComputerGraphics/glfw-3.3.4/build/CMakeFiles/3.21.2/CompilerIdC/CompilerIdC.build/Debug/CompilerIdC.build/Script-2C8FEB8E15DC1A1A00E56A5D.sh

PhaseScriptExecution Run\ Script /Users/kangyixiao/EchoFile/coding/SJTU-SE/SE344_ComputerGraphics/glfw-3.3.4/build/CMakeFiles/3.21.2/CompilerIdC/CompilerIdC.build/Debug/CompilerIdC.build/Script-2C8FEB8E15DC1A1A00E56A5D.sh (in target 'CompilerIdC' from project 'CompilerIdC')
    cd /Users/kangyixiao/EchoFile/coding/SJTU-SE/SE344_ComputerGraphics/glfw-3.3.4/build/CMakeFiles/3.21.2/CompilerIdC
    /bin/sh -c /Users/kangyixiao/EchoFile/coding/SJTU-SE/SE344_ComputerGraphics/glfw-3.3.4/build/CMakeFiles/3.21.2/CompilerIdC/CompilerIdC.build/Debug/CompilerIdC.build/Script-2C8FEB8E15DC1A1A00E56A5D.sh
GCC_VERSION=com.apple.compilers.llvm.clang.1_0
ARCHS=x86_64

RegisterExecutionPolicyException /Users/kangyixiao/EchoFile/coding/SJTU-SE/SE344_ComputerGraphics/glfw-3.3.4/build/CMakeFiles/3.21.2/CompilerIdC/CompilerIdC (in target 'CompilerIdC' from project 'CompilerIdC')
    cd /Users/kangyixiao/EchoFile/coding/SJTU-SE/SE344_ComputerGraphics/glfw-3.3.4/build/CMakeFiles/3.21.2/CompilerIdC
    builtin-RegisterExecutionPolicyException /Users/kangyixiao/EchoFile/coding/SJTU-SE/SE344_ComputerGraphics/glfw-3.3.4/build/CMakeFiles/3.21.2/CompilerIdC/CompilerIdC

** BUILD SUCCEEDED **



Compilation of the C compiler identification source "CMakeCCompilerId.c" produced "CompilerIdC"

The C compiler identification is AppleClang, found in "/Users/kangyixiao/EchoFile/coding/SJTU-SE/SE344_ComputerGraphics/glfw-3.3.4/build/CMakeFiles/3.21.2/CompilerIdC/CompilerIdC"

Detecting C compiler ABI info compiled with the following output:
Change Dir: /Users/kangyixiao/EchoFile/coding/SJTU-SE/SE344_ComputerGraphics/glfw-3.3.4/build/CMakeFiles/CMakeTmp

Run Build Command(s):/usr/bin/xcodebuild -project CMAKE_TRY_COMPILE.xcodeproj build -target cmTC_0e95e -parallelizeTargets -configuration Debug -hideShellScriptEnvironment && Command line invocation:
    /Applications/Xcode.app/Contents/Developer/usr/bin/xcodebuild -project CMAKE_TRY_COMPILE.xcodeproj build -target cmTC_0e95e -parallelizeTargets -configuration Debug -hideShellScriptEnvironment

User defaults from command line:
    HideShellScriptEnvironment = YES
    IDEPackageSupportUseBuiltinSCM = YES

note: Using new build system
note: Building targets in parallel
note: Planning build
note: Analyzing workspace
note: Constructing build description
note: Build preparation complete
CreateBuildDirectory /Users/kangyixiao/EchoFile/coding/SJTU-SE/SE344_ComputerGraphics/glfw-3.3.4/build/CMakeFiles/CMakeTmp
    cd /Users/kangyixiao/EchoFile/coding/SJTU-SE/SE344_ComputerGraphics/glfw-3.3.4/build/CMakeFiles/CMakeTmp/CMAKE_TRY_COMPILE.xcodeproj
    builtin-create-build-directory /Users/kangyixiao/EchoFile/coding/SJTU-SE/SE344_ComputerGraphics/glfw-3.3.4/build/CMakeFiles/CMakeTmp

CreateBuildDirectory /Users/kangyixiao/EchoFile/coding/SJTU-SE/SE344_ComputerGraphics/glfw-3.3.4/build/CMakeFiles/CMakeTmp/Debug
    cd /Users/kangyixiao/EchoFile/coding/SJTU-SE/SE344_ComputerGraphics/glfw-3.3.4/build/CMakeFiles/CMakeTmp/CMAKE_TRY_COMPILE.xcodeproj
    builtin-create-build-directory /Users/kangyixiao/EchoFile/coding/SJTU-SE/SE344_ComputerGraphics/glfw-3.3.4/build/CMakeFiles/CMakeTmp/Debug

CompileC /Users/kangyixiao/EchoFile/coding/SJTU-SE/SE344_ComputerGraphics/glfw-3.3.4/build/CMakeFiles/CMakeTmp/CMAKE_TRY_COMPILE.build/Debug/cmTC_0e95e.build/Objects-normal/x86_64/CMakeCCompilerABI.o /Applications/CMake.app/Contents/share/cmake-3.21/Modules/CMakeCCompilerABI.c normal x86_64 c com.apple.compilers.llvm.clang.1_0.compiler (in target 'cmTC_0e95e' from project 'CMAKE_TRY_COMPILE')
    cd /Users/kangyixiao/EchoFile/coding/SJTU-SE/SE344_ComputerGraphics/glfw-3.3.4/build/CMakeFiles/CMakeTmp
    /Applications/Xcode.app/Contents/Developer/Toolchains/XcodeDefault.xctoolchain/usr/bin/clang -x c -target x86_64-apple-macos11.0 -fmessage-length\=0 -fdiagnostics-show-note-include-stack -fmacro-backtrace-limit\=0 -Wno-trigraphs -fpascal-strings -O0 -Wno-missing-field-initializers -Wno-missing-prototypes -Wno-return-type -Wno-missing-braces -Wparentheses -Wswitch -Wno-unused-function -Wno-unused-label -Wno-unused-parameter -Wno-unused-variable -Wunused-value -Wno-empty-body -Wno-uninitialized -Wno-unknown-pragmas -Wno-shadow -Wno-four-char-constants -Wno-conversion -Wno-constant-conversion -Wno-int-conversion -Wno-bool-conversion -Wno-enum-conversion -Wno-float-conversion -Wno-non-literal-null-conversion -Wno-objc-literal-conversion -Wno-shorten-64-to-32 -Wpointer-sign -Wno-newline-eof -DCMAKE_INTDIR\=\"Debug\" -isysroot /Library/Developer/CommandLineTools/SDKs/MacOSX11.0.sdk -fasm-blocks -fstrict-aliasing -Wdeprecated-declarations -g -Wno-sign-conversion -Wno-infinite-recursion -Wno-comma -Wno-block-capture-autoreleasing -Wno-strict-prototypes -Wno-semicolon-before-method-body -I/Users/kangyixiao/EchoFile/coding/SJTU-SE/SE344_ComputerGraphics/glfw-3.3.4/build/CMakeFiles/CMakeTmp/Debug/include -I/Users/kangyixiao/EchoFile/coding/SJTU-SE/SE344_ComputerGraphics/glfw-3.3.4/build/CMakeFiles/CMakeTmp/CMAKE_TRY_COMPILE.build/Debug/cmTC_0e95e.build/DerivedSources-normal/x86_64 -I/Users/kangyixiao/EchoFile/coding/SJTU-SE/SE344_ComputerGraphics/glfw-3.3.4/build/CMakeFiles/CMakeTmp/CMAKE_TRY_COMPILE.build/Debug/cmTC_0e95e.build/DerivedSources/x86_64 -I/Users/kangyixiao/EchoFile/coding/SJTU-SE/SE344_ComputerGraphics/glfw-3.3.4/build/CMakeFiles/CMakeTmp/CMAKE_TRY_COMPILE.build/Debug/cmTC_0e95e.build/DerivedSources -F/Users/kangyixiao/EchoFile/coding/SJTU-SE/SE344_ComputerGraphics/glfw-3.3.4/build/CMakeFiles/CMakeTmp/Debug -v -Wl,-v -MMD -MT dependencies -MF /Users/kangyixiao/EchoFile/coding/SJTU-SE/SE344_ComputerGraphics/glfw-3.3.4/build/CMakeFiles/CMakeTmp/CMAKE_TRY_COMPILE.build/Debug/cmTC_0e95e.build/Objects-normal/x86_64/CMakeCCompilerABI.d --serialize-diagnostics /Users/kangyixiao/EchoFile/coding/SJTU-SE/SE344_ComputerGraphics/glfw-3.3.4/build/CMakeFiles/CMakeTmp/CMAKE_TRY_COMPILE.build/Debug/cmTC_0e95e.build/Objects-normal/x86_64/CMakeCCompilerABI.dia -c /Applications/CMake.app/Contents/share/cmake-3.21/Modules/CMakeCCompilerABI.c -o /Users/kangyixiao/EchoFile/coding/SJTU-SE/SE344_ComputerGraphics/glfw-3.3.4/build/CMakeFiles/CMakeTmp/CMAKE_TRY_COMPILE.build/Debug/cmTC_0e95e.build/Objects-normal/x86_64/CMakeCCompilerABI.o
Apple clang version 12.0.5 (clang-1205.0.22.11)
Target: x86_64-apple-macos11.0
Thread model: posix
InstalledDir: /Applications/Xcode.app/Contents/Developer/Toolchains/XcodeDefault.xctoolchain/usr/bin
clang: warning: -Wl,-v: 'linker' input unused [-Wunused-command-line-argument]
 "/Applications/Xcode.app/Contents/Developer/Toolchains/XcodeDefault.xctoolchain/usr/bin/clang" -cc1 -triple x86_64-apple-macosx11.0.0 -Wdeprecated-objc-isa-usage -Werror=deprecated-objc-isa-usage -Werror=implicit-function-declaration -emit-obj -mrelax-all -disable-free -disable-llvm-verifier -discard-value-names -main-file-name CMakeCCompilerABI.c -mrelocation-model pic -pic-level 2 -mframe-pointer=all -fno-strict-return -fno-rounding-math -munwind-tables -target-sdk-version=11.0 -fvisibility-inlines-hidden-static-local-var -target-cpu penryn -debug-info-kind=standalone -dwarf-version=4 -debugger-tuning=lldb -target-linker-version 650.9 -v -resource-dir /Applications/Xcode.app/Contents/Developer/Toolchains/XcodeDefault.xctoolchain/usr/lib/clang/12.0.5 -dependency-file /Users/kangyixiao/EchoFile/coding/SJTU-SE/SE344_ComputerGraphics/glfw-3.3.4/build/CMakeFiles/CMakeTmp/CMAKE_TRY_COMPILE.build/Debug/cmTC_0e95e.build/Objects-normal/x86_64/CMakeCCompilerABI.d -skip-unused-modulemap-deps -MT dependencies -isysroot /Library/Developer/CommandLineTools/SDKs/MacOSX11.0.sdk -D "CMAKE_INTDIR=\"Debug\"" -I /Users/kangyixiao/EchoFile/coding/SJTU-SE/SE344_ComputerGraphics/glfw-3.3.4/build/CMakeFiles/CMakeTmp/Debug/include -I /Users/kangyixiao/EchoFile/coding/SJTU-SE/SE344_ComputerGraphics/glfw-3.3.4/build/CMakeFiles/CMakeTmp/CMAKE_TRY_COMPILE.build/Debug/cmTC_0e95e.build/DerivedSources-normal/x86_64 -I /Users/kangyixiao/EchoFile/coding/SJTU-SE/SE344_ComputerGraphics/glfw-3.3.4/build/CMakeFiles/CMakeTmp/CMAKE_TRY_COMPILE.build/Debug/cmTC_0e95e.build/DerivedSources/x86_64 -I /Users/kangyixiao/EchoFile/coding/SJTU-SE/SE344_ComputerGraphics/glfw-3.3.4/build/CMakeFiles/CMakeTmp/CMAKE_TRY_COMPILE.build/Debug/cmTC_0e95e.build/DerivedSources -F/Users/kangyixiao/EchoFile/coding/SJTU-SE/SE344_ComputerGraphics/glfw-3.3.4/build/CMakeFiles/CMakeTmp/Debug -internal-isystem /Library/Developer/CommandLineTools/SDKs/MacOSX11.0.sdk/usr/local/include -internal-isystem /Applications/Xcode.app/Contents/Developer/Toolchains/XcodeDefault.xctoolchain/usr/lib/clang/12.0.5/include -internal-externc-isystem /Library/Developer/CommandLineTools/SDKs/MacOSX11.0.sdk/usr/include -internal-externc-isystem /Applications/Xcode.app/Contents/Developer/Toolchains/XcodeDefault.xctoolchain/usr/include -O0 -Wno-trigraphs -Wno-missing-field-initializers -Wno-missing-prototypes -Wno-return-type -Wno-missing-braces -Wparentheses -Wswitch -Wno-unused-function -Wno-unused-label -Wno-unused-parameter -Wno-unused-variable -Wunused-value -Wno-empty-body -Wno-uninitialized -Wno-unknown-pragmas -Wno-shadow -Wno-four-char-constants -Wno-conversion -Wno-constant-conversion -Wno-int-conversion -Wno-bool-conversion -Wno-enum-conversion -Wno-float-conversion -Wno-non-literal-null-conversion -Wno-objc-literal-conversion -Wno-shorten-64-to-32 -Wpointer-sign -Wno-newline-eof -Wdeprecated-declarations -Wno-sign-conversion -Wno-infinite-recursion -Wno-comma -Wno-block-capture-autoreleasing -Wno-strict-prototypes -Wno-semicolon-before-method-body -Wno-reorder-init-list -Wno-implicit-int-float-conversion -Wno-c99-designator -Wno-final-dtor-non-final-class -Wno-extra-semi-stmt -Wno-misleading-indentation -Wno-quoted-include-in-framework-header -Wno-implicit-fallthrough -Wno-enum-enum-conversion -Wno-enum-float-conversion -Wno-elaborated-enum-base -fdebug-compilation-dir /Users/kangyixiao/EchoFile/coding/SJTU-SE/SE344_ComputerGraphics/glfw-3.3.4/build/CMakeFiles/CMakeTmp -ferror-limit 19 -fmacro-backtrace-limit 0 -stack-protector 1 -fstack-check -mdarwin-stkchk-strong-link -fblocks -fencode-extended-block-signature -fregister-global-dtors-with-atexit -fgnuc-version=4.2.1 -fpascal-strings -fmax-type-align=16 -fcommon -fdiagnostics-show-note-include-stack -fasm-blocks -serialize-diagnostic-file /Users/kangyixiao/EchoFile/coding/SJTU-SE/SE344_ComputerGraphics/glfw-3.3.4/build/CMakeFiles/CMakeTmp/CMAKE_TRY_COMPILE.build/Debug/cmTC_0e95e.build/Objects-normal/x86_64/CMakeCCompilerABI.dia -clang-vendor-feature=+disableNonDependentMemberExprInCurrentInstantiation -fno-odr-hash-protocols -mllvm -disable-aligned-alloc-awareness=1 -o /Users/kangyixiao/EchoFile/coding/SJTU-SE/SE344_ComputerGraphics/glfw-3.3.4/build/CMakeFiles/CMakeTmp/CMAKE_TRY_COMPILE.build/Debug/cmTC_0e95e.build/Objects-normal/x86_64/CMakeCCompilerABI.o -x c /Applications/CMake.app/Contents/share/cmake-3.21/Modules/CMakeCCompilerABI.c
clang -cc1 version 12.0.5 (clang-1205.0.22.11) default target x86_64-apple-darwin20.5.0
ignoring nonexistent directory "/Users/kangyixiao/EchoFile/coding/SJTU-SE/SE344_ComputerGraphics/glfw-3.3.4/build/CMakeFiles/CMakeTmp/Debug/include"
ignoring nonexistent directory "/Users/kangyixiao/EchoFile/coding/SJTU-SE/SE344_ComputerGraphics/glfw-3.3.4/build/CMakeFiles/CMakeTmp/CMAKE_TRY_COMPILE.build/Debug/cmTC_0e95e.build/DerivedSources-normal/x86_64"
ignoring nonexistent directory "/Users/kangyixiao/EchoFile/coding/SJTU-SE/SE344_ComputerGraphics/glfw-3.3.4/build/CMakeFiles/CMakeTmp/CMAKE_TRY_COMPILE.build/Debug/cmTC_0e95e.build/DerivedSources/x86_64"
ignoring nonexistent directory "/Users/kangyixiao/EchoFile/coding/SJTU-SE/SE344_ComputerGraphics/glfw-3.3.4/build/CMakeFiles/CMakeTmp/CMAKE_TRY_COMPILE.build/Debug/cmTC_0e95e.build/DerivedSources"
ignoring nonexistent directory "/Library/Developer/CommandLineTools/SDKs/MacOSX11.0.sdk/usr/local/include"
ignoring nonexistent directory "/Library/Developer/CommandLineTools/SDKs/MacOSX11.0.sdk/Library/Frameworks"
#include "..." search starts here:
#include <...> search starts here:
 /Users/kangyixiao/EchoFile/coding/SJTU-SE/SE344_ComputerGraphics/glfw-3.3.4/build/CMakeFiles/CMakeTmp/Debug (framework directory)
 /Applications/Xcode.app/Contents/Developer/Toolchains/XcodeDefault.xctoolchain/usr/lib/clang/12.0.5/include
 /Library/Developer/CommandLineTools/SDKs/MacOSX11.0.sdk/usr/include
 /Applications/Xcode.app/Contents/Developer/Toolchains/XcodeDefault.xctoolchain/usr/include
 /Library/Developer/CommandLineTools/SDKs/MacOSX11.0.sdk/System/Library/Frameworks (framework directory)
End of search list.

WriteAuxiliaryFile /Users/kangyixiao/EchoFile/coding/SJTU-SE/SE344_ComputerGraphics/glfw-3.3.4/build/CMakeFiles/CMakeTmp/CMAKE_TRY_COMPILE.build/Debug/cmTC_0e95e.build/Objects-normal/x86_64/cmTC_0e95e.LinkFileList (in target 'cmTC_0e95e' from project 'CMAKE_TRY_COMPILE')
    cd /Users/kangyixiao/EchoFile/coding/SJTU-SE/SE344_ComputerGraphics/glfw-3.3.4/build/CMakeFiles/CMakeTmp
    write-file /Users/kangyixiao/EchoFile/coding/SJTU-SE/SE344_ComputerGraphics/glfw-3.3.4/build/CMakeFiles/CMakeTmp/CMAKE_TRY_COMPILE.build/Debug/cmTC_0e95e.build/Objects-normal/x86_64/cmTC_0e95e.LinkFileList

Ld /Users/kangyixiao/EchoFile/coding/SJTU-SE/SE344_ComputerGraphics/glfw-3.3.4/build/CMakeFiles/CMakeTmp/Debug/cmTC_0e95e normal (in target 'cmTC_0e95e' from project 'CMAKE_TRY_COMPILE')
    cd /Users/kangyixiao/EchoFile/coding/SJTU-SE/SE344_ComputerGraphics/glfw-3.3.4/build/CMakeFiles/CMakeTmp
    /Applications/Xcode.app/Contents/Developer/Toolchains/XcodeDefault.xctoolchain/usr/bin/clang -target x86_64-apple-macos11.0 -isysroot /Library/Developer/CommandLineTools/SDKs/MacOSX11.0.sdk -L/Users/kangyixiao/EchoFile/coding/SJTU-SE/SE344_ComputerGraphics/glfw-3.3.4/build/CMakeFiles/CMakeTmp/Debug -F/Users/kangyixiao/EchoFile/coding/SJTU-SE/SE344_ComputerGraphics/glfw-3.3.4/build/CMakeFiles/CMakeTmp/Debug -filelist /Users/kangyixiao/EchoFile/coding/SJTU-SE/SE344_ComputerGraphics/glfw-3.3.4/build/CMakeFiles/CMakeTmp/CMAKE_TRY_COMPILE.build/Debug/cmTC_0e95e.build/Objects-normal/x86_64/cmTC_0e95e.LinkFileList -Xlinker -object_path_lto -Xlinker /Users/kangyixiao/EchoFile/coding/SJTU-SE/SE344_ComputerGraphics/glfw-3.3.4/build/CMakeFiles/CMakeTmp/CMAKE_TRY_COMPILE.build/Debug/cmTC_0e95e.build/Objects-normal/x86_64/cmTC_0e95e_lto.o -Xlinker -no_deduplicate -v -Wl,-v -Wl,-search_paths_first -Wl,-headerpad_max_install_names -Xlinker -dependency_info -Xlinker /Users/kangyixiao/EchoFile/coding/SJTU-SE/SE344_ComputerGraphics/glfw-3.3.4/build/CMakeFiles/CMakeTmp/CMAKE_TRY_COMPILE.build/Debug/cmTC_0e95e.build/Objects-normal/x86_64/cmTC_0e95e_dependency_info.dat -o /Users/kangyixiao/EchoFile/coding/SJTU-SE/SE344_ComputerGraphics/glfw-3.3.4/build/CMakeFiles/CMakeTmp/Debug/cmTC_0e95e
Apple clang version 12.0.5 (clang-1205.0.22.11)
Target: x86_64-apple-macos11.0
Thread model: posix
InstalledDir: /Applications/Xcode.app/Contents/Developer/Toolchains/XcodeDefault.xctoolchain/usr/bin
 "/Applications/Xcode.app/Contents/Developer/Toolchains/XcodeDefault.xctoolchain/usr/bin/ld" -demangle -lto_library /Applications/Xcode.app/Contents/Developer/Toolchains/XcodeDefault.xctoolchain/usr/lib/libLTO.dylib -dynamic -arch x86_64 -platform_version macos 11.0.0 11.0 -syslibroot /Library/Developer/CommandLineTools/SDKs/MacOSX11.0.sdk -o /Users/kangyixiao/EchoFile/coding/SJTU-SE/SE344_ComputerGraphics/glfw-3.3.4/build/CMakeFiles/CMakeTmp/Debug/cmTC_0e95e -L/Users/kangyixiao/EchoFile/coding/SJTU-SE/SE344_ComputerGraphics/glfw-3.3.4/build/CMakeFiles/CMakeTmp/Debug -filelist /Users/kangyixiao/EchoFile/coding/SJTU-SE/SE344_ComputerGraphics/glfw-3.3.4/build/CMakeFiles/CMakeTmp/CMAKE_TRY_COMPILE.build/Debug/cmTC_0e95e.build/Objects-normal/x86_64/cmTC_0e95e.LinkFileList -object_path_lto /Users/kangyixiao/EchoFile/coding/SJTU-SE/SE344_ComputerGraphics/glfw-3.3.4/build/CMakeFiles/CMakeTmp/CMAKE_TRY_COMPILE.build/Debug/cmTC_0e95e.build/Objects-normal/x86_64/cmTC_0e95e_lto.o -no_deduplicate -v -search_paths_first -headerpad_max_install_names -dependency_info /Users/kangyixiao/EchoFile/coding/SJTU-SE/SE344_ComputerGraphics/glfw-3.3.4/build/CMakeFiles/CMakeTmp/CMAKE_TRY_COMPILE.build/Debug/cmTC_0e95e.build/Objects-normal/x86_64/cmTC_0e95e_dependency_info.dat -lSystem /Applications/Xcode.app/Contents/Developer/Toolchains/XcodeDefault.xctoolchain/usr/lib/clang/12.0.5/lib/darwin/libclang_rt.osx.a -F/Users/kangyixiao/EchoFile/coding/SJTU-SE/SE344_ComputerGraphics/glfw-3.3.4/build/CMakeFiles/CMakeTmp/Debug
@(#)PROGRAM:ld  PROJECT:ld64-650.9
BUILD 13:09:02 May 28 2021
configured to support archs: armv6 armv7 armv7s arm64 arm64e arm64_32 i386 x86_64 x86_64h armv6m armv7k armv7m armv7em
Library search paths:
	/Users/kangyixiao/EchoFile/coding/SJTU-SE/SE344_ComputerGraphics/glfw-3.3.4/build/CMakeFiles/CMakeTmp/Debug
	/Library/Developer/CommandLineTools/SDKs/MacOSX11.0.sdk/usr/lib
Framework search paths:
	/Users/kangyixiao/EchoFile/coding/SJTU-SE/SE344_ComputerGraphics/glfw-3.3.4/build/CMakeFiles/CMakeTmp/Debug
	/Library/Developer/CommandLineTools/SDKs/MacOSX11.0.sdk/System/Library/Frameworks/

RegisterExecutionPolicyException /Users/kangyixiao/EchoFile/coding/SJTU-SE/SE344_ComputerGraphics/glfw-3.3.4/build/CMakeFiles/CMakeTmp/Debug/cmTC_0e95e (in target 'cmTC_0e95e' from project 'CMAKE_TRY_COMPILE')
    cd /Users/kangyixiao/EchoFile/coding/SJTU-SE/SE344_ComputerGraphics/glfw-3.3.4/build/CMakeFiles/CMakeTmp
    builtin-RegisterExecutionPolicyException /Users/kangyixiao/EchoFile/coding/SJTU-SE/SE344_ComputerGraphics/glfw-3.3.4/build/CMakeFiles/CMakeTmp/Debug/cmTC_0e95e

** BUILD SUCCEEDED **




Parsed C implicit include dir info from above output: rv=done
  found start of include info
  found start of implicit include info
    add: [/Applications/Xcode.app/Contents/Developer/Toolchains/XcodeDefault.xctoolchain/usr/lib/clang/12.0.5/include]
    add: [/Library/Developer/CommandLineTools/SDKs/MacOSX11.0.sdk/usr/include]
    add: [/Applications/Xcode.app/Contents/Developer/Toolchains/XcodeDefault.xctoolchain/usr/include]
  end of search list found
  collapse include dir [/Applications/Xcode.app/Contents/Developer/Toolchains/XcodeDefault.xctoolchain/usr/lib/clang/12.0.5/include] ==> [/Applications/Xcode.app/Contents/Developer/Toolchains/XcodeDefault.xctoolchain/usr/lib/clang/12.0.5/include]
  collapse include dir [/Library/Developer/CommandLineTools/SDKs/MacOSX11.0.sdk/usr/include] ==> [/Library/Developer/CommandLineTools/SDKs/MacOSX11.0.sdk/usr/include]
  collapse include dir [/Applications/Xcode.app/Contents/Developer/Toolchains/XcodeDefault.xctoolchain/usr/include] ==> [/Applications/Xcode.app/Contents/Developer/Toolchains/XcodeDefault.xctoolchain/usr/include]
  implicit include dirs: [/Applications/Xcode.app/Contents/Developer/Toolchains/XcodeDefault.xctoolchain/usr/lib/clang/12.0.5/include;/Library/Developer/CommandLineTools/SDKs/MacOSX11.0.sdk/usr/include;/Applications/Xcode.app/Contents/Developer/Toolchains/XcodeDefault.xctoolchain/usr/include]


Parsed C implicit link information from above output:
  link line regex: [^( *|.*[/\])(ld|CMAKE_LINK_STARTFILE-NOTFOUND|([^/\]+-)?ld|collect2)[^/\]*( |$)]
  ignore line: [Change Dir: /Users/kangyixiao/EchoFile/coding/SJTU-SE/SE344_ComputerGraphics/glfw-3.3.4/build/CMakeFiles/CMakeTmp]
  ignore line: []
  ignore line: [Run Build Command(s):/usr/bin/xcodebuild -project CMAKE_TRY_COMPILE.xcodeproj build -target cmTC_0e95e -parallelizeTargets -configuration Debug -hideShellScriptEnvironment && Command line invocation:]
  ignore line: [    /Applications/Xcode.app/Contents/Developer/usr/bin/xcodebuild -project CMAKE_TRY_COMPILE.xcodeproj build -target cmTC_0e95e -parallelizeTargets -configuration Debug -hideShellScriptEnvironment]
  ignore line: []
  ignore line: [User defaults from command line:]
  ignore line: [    HideShellScriptEnvironment = YES]
  ignore line: [    IDEPackageSupportUseBuiltinSCM = YES]
  ignore line: []
  ignore line: [note: Using new build system]
  ignore line: [note: Building targets in parallel]
  ignore line: [note: Planning build]
  ignore line: [note: Analyzing workspace]
  ignore line: [note: Constructing build description]
  ignore line: [note: Build preparation complete]
  ignore line: [CreateBuildDirectory /Users/kangyixiao/EchoFile/coding/SJTU-SE/SE344_ComputerGraphics/glfw-3.3.4/build/CMakeFiles/CMakeTmp]
  ignore line: [    cd /Users/kangyixiao/EchoFile/coding/SJTU-SE/SE344_ComputerGraphics/glfw-3.3.4/build/CMakeFiles/CMakeTmp/CMAKE_TRY_COMPILE.xcodeproj]
  ignore line: [    builtin-create-build-directory /Users/kangyixiao/EchoFile/coding/SJTU-SE/SE344_ComputerGraphics/glfw-3.3.4/build/CMakeFiles/CMakeTmp]
  ignore line: []
  ignore line: [CreateBuildDirectory /Users/kangyixiao/EchoFile/coding/SJTU-SE/SE344_ComputerGraphics/glfw-3.3.4/build/CMakeFiles/CMakeTmp/Debug]
  ignore line: [    cd /Users/kangyixiao/EchoFile/coding/SJTU-SE/SE344_ComputerGraphics/glfw-3.3.4/build/CMakeFiles/CMakeTmp/CMAKE_TRY_COMPILE.xcodeproj]
  ignore line: [    builtin-create-build-directory /Users/kangyixiao/EchoFile/coding/SJTU-SE/SE344_ComputerGraphics/glfw-3.3.4/build/CMakeFiles/CMakeTmp/Debug]
  ignore line: []
  ignore line: [CompileC /Users/kangyixiao/EchoFile/coding/SJTU-SE/SE344_ComputerGraphics/glfw-3.3.4/build/CMakeFiles/CMakeTmp/CMAKE_TRY_COMPILE.build/Debug/cmTC_0e95e.build/Objects-normal/x86_64/CMakeCCompilerABI.o /Applications/CMake.app/Contents/share/cmake-3.21/Modules/CMakeCCompilerABI.c normal x86_64 c com.apple.compilers.llvm.clang.1_0.compiler (in target 'cmTC_0e95e' from project 'CMAKE_TRY_COMPILE')]
  ignore line: [    cd /Users/kangyixiao/EchoFile/coding/SJTU-SE/SE344_ComputerGraphics/glfw-3.3.4/build/CMakeFiles/CMakeTmp]
  ignore line: [    /Applications/Xcode.app/Contents/Developer/Toolchains/XcodeDefault.xctoolchain/usr/bin/clang -x c -target x86_64-apple-macos11.0 -fmessage-length\=0 -fdiagnostics-show-note-include-stack -fmacro-backtrace-limit\=0 -Wno-trigraphs -fpascal-strings -O0 -Wno-missing-field-initializers -Wno-missing-prototypes -Wno-return-type -Wno-missing-braces -Wparentheses -Wswitch -Wno-unused-function -Wno-unused-label -Wno-unused-parameter -Wno-unused-variable -Wunused-value -Wno-empty-body -Wno-uninitialized -Wno-unknown-pragmas -Wno-shadow -Wno-four-char-constants -Wno-conversion -Wno-constant-conversion -Wno-int-conversion -Wno-bool-conversion -Wno-enum-conversion -Wno-float-conversion -Wno-non-literal-null-conversion -Wno-objc-literal-conversion -Wno-shorten-64-to-32 -Wpointer-sign -Wno-newline-eof -DCMAKE_INTDIR\=\"Debug\" -isysroot /Library/Developer/CommandLineTools/SDKs/MacOSX11.0.sdk -fasm-blocks -fstrict-aliasing -Wdeprecated-declarations -g -Wno-sign-conversion -Wno-infinite-recursion -Wno-comma -Wno-block-capture-autoreleasing -Wno-strict-prototypes -Wno-semicolon-before-method-body -I/Users/kangyixiao/EchoFile/coding/SJTU-SE/SE344_ComputerGraphics/glfw-3.3.4/build/CMakeFiles/CMakeTmp/Debug/include -I/Users/kangyixiao/EchoFile/coding/SJTU-SE/SE344_ComputerGraphics/glfw-3.3.4/build/CMakeFiles/CMakeTmp/CMAKE_TRY_COMPILE.build/Debug/cmTC_0e95e.build/DerivedSources-normal/x86_64 -I/Users/kangyixiao/EchoFile/coding/SJTU-SE/SE344_ComputerGraphics/glfw-3.3.4/build/CMakeFiles/CMakeTmp/CMAKE_TRY_COMPILE.build/Debug/cmTC_0e95e.build/DerivedSources/x86_64 -I/Users/kangyixiao/EchoFile/coding/SJTU-SE/SE344_ComputerGraphics/glfw-3.3.4/build/CMakeFiles/CMakeTmp/CMAKE_TRY_COMPILE.build/Debug/cmTC_0e95e.build/DerivedSources -F/Users/kangyixiao/EchoFile/coding/SJTU-SE/SE344_ComputerGraphics/glfw-3.3.4/build/CMakeFiles/CMakeTmp/Debug -v -Wl -v -MMD -MT dependencies -MF /Users/kangyixiao/EchoFile/coding/SJTU-SE/SE344_ComputerGraphics/glfw-3.3.4/build/CMakeFiles/CMakeTmp/CMAKE_TRY_COMPILE.build/Debug/cmTC_0e95e.build/Objects-normal/x86_64/CMakeCCompilerABI.d --serialize-diagnostics /Users/kangyixiao/EchoFile/coding/SJTU-SE/SE344_ComputerGraphics/glfw-3.3.4/build/CMakeFiles/CMakeTmp/CMAKE_TRY_COMPILE.build/Debug/cmTC_0e95e.build/Objects-normal/x86_64/CMakeCCompilerABI.dia -c /Applications/CMake.app/Contents/share/cmake-3.21/Modules/CMakeCCompilerABI.c -o /Users/kangyixiao/EchoFile/coding/SJTU-SE/SE344_ComputerGraphics/glfw-3.3.4/build/CMakeFiles/CMakeTmp/CMAKE_TRY_COMPILE.build/Debug/cmTC_0e95e.build/Objects-normal/x86_64/CMakeCCompilerABI.o]
  ignore line: [Apple clang version 12.0.5 (clang-1205.0.22.11)]
  ignore line: [Target: x86_64-apple-macos11.0]
  ignore line: [Thread model: posix]
  ignore line: [InstalledDir: /Applications/Xcode.app/Contents/Developer/Toolchains/XcodeDefault.xctoolchain/usr/bin]
  ignore line: [clang: warning: -Wl -v: 'linker' input unused [-Wunused-command-line-argument]]
  ignore line: [ "/Applications/Xcode.app/Contents/Developer/Toolchains/XcodeDefault.xctoolchain/usr/bin/clang" -cc1 -triple x86_64-apple-macosx11.0.0 -Wdeprecated-objc-isa-usage -Werror=deprecated-objc-isa-usage -Werror=implicit-function-declaration -emit-obj -mrelax-all -disable-free -disable-llvm-verifier -discard-value-names -main-file-name CMakeCCompilerABI.c -mrelocation-model pic -pic-level 2 -mframe-pointer=all -fno-strict-return -fno-rounding-math -munwind-tables -target-sdk-version=11.0 -fvisibility-inlines-hidden-static-local-var -target-cpu penryn -debug-info-kind=standalone -dwarf-version=4 -debugger-tuning=lldb -target-linker-version 650.9 -v -resource-dir /Applications/Xcode.app/Contents/Developer/Toolchains/XcodeDefault.xctoolchain/usr/lib/clang/12.0.5 -dependency-file /Users/kangyixiao/EchoFile/coding/SJTU-SE/SE344_ComputerGraphics/glfw-3.3.4/build/CMakeFiles/CMakeTmp/CMAKE_TRY_COMPILE.build/Debug/cmTC_0e95e.build/Objects-normal/x86_64/CMakeCCompilerABI.d -skip-unused-modulemap-deps -MT dependencies -isysroot /Library/Developer/CommandLineTools/SDKs/MacOSX11.0.sdk -D "CMAKE_INTDIR=\"Debug\"" -I /Users/kangyixiao/EchoFile/coding/SJTU-SE/SE344_ComputerGraphics/glfw-3.3.4/build/CMakeFiles/CMakeTmp/Debug/include -I /Users/kangyixiao/EchoFile/coding/SJTU-SE/SE344_ComputerGraphics/glfw-3.3.4/build/CMakeFiles/CMakeTmp/CMAKE_TRY_COMPILE.build/Debug/cmTC_0e95e.build/DerivedSources-normal/x86_64 -I /Users/kangyixiao/EchoFile/coding/SJTU-SE/SE344_ComputerGraphics/glfw-3.3.4/build/CMakeFiles/CMakeTmp/CMAKE_TRY_COMPILE.build/Debug/cmTC_0e95e.build/DerivedSources/x86_64 -I /Users/kangyixiao/EchoFile/coding/SJTU-SE/SE344_ComputerGraphics/glfw-3.3.4/build/CMakeFiles/CMakeTmp/CMAKE_TRY_COMPILE.build/Debug/cmTC_0e95e.build/DerivedSources -F/Users/kangyixiao/EchoFile/coding/SJTU-SE/SE344_ComputerGraphics/glfw-3.3.4/build/CMakeFiles/CMakeTmp/Debug -internal-isystem /Library/Developer/CommandLineTools/SDKs/MacOSX11.0.sdk/usr/local/include -internal-isystem /Applications/Xcode.app/Contents/Developer/Toolchains/XcodeDefault.xctoolchain/usr/lib/clang/12.0.5/include -internal-externc-isystem /Library/Developer/CommandLineTools/SDKs/MacOSX11.0.sdk/usr/include -internal-externc-isystem /Applications/Xcode.app/Contents/Developer/Toolchains/XcodeDefault.xctoolchain/usr/include -O0 -Wno-trigraphs -Wno-missing-field-initializers -Wno-missing-prototypes -Wno-return-type -Wno-missing-braces -Wparentheses -Wswitch -Wno-unused-function -Wno-unused-label -Wno-unused-parameter -Wno-unused-variable -Wunused-value -Wno-empty-body -Wno-uninitialized -Wno-unknown-pragmas -Wno-shadow -Wno-four-char-constants -Wno-conversion -Wno-constant-conversion -Wno-int-conversion -Wno-bool-conversion -Wno-enum-conversion -Wno-float-conversion -Wno-non-literal-null-conversion -Wno-objc-literal-conversion -Wno-shorten-64-to-32 -Wpointer-sign -Wno-newline-eof -Wdeprecated-declarations -Wno-sign-conversion -Wno-infinite-recursion -Wno-comma -Wno-block-capture-autoreleasing -Wno-strict-prototypes -Wno-semicolon-before-method-body -Wno-reorder-init-list -Wno-implicit-int-float-conversion -Wno-c99-designator -Wno-final-dtor-non-final-class -Wno-extra-semi-stmt -Wno-misleading-indentation -Wno-quoted-include-in-framework-header -Wno-implicit-fallthrough -Wno-enum-enum-conversion -Wno-enum-float-conversion -Wno-elaborated-enum-base -fdebug-compilation-dir /Users/kangyixiao/EchoFile/coding/SJTU-SE/SE344_ComputerGraphics/glfw-3.3.4/build/CMakeFiles/CMakeTmp -ferror-limit 19 -fmacro-backtrace-limit 0 -stack-protector 1 -fstack-check -mdarwin-stkchk-strong-link -fblocks -fencode-extended-block-signature -fregister-global-dtors-with-atexit -fgnuc-version=4.2.1 -fpascal-strings -fmax-type-align=16 -fcommon -fdiagnostics-show-note-include-stack -fasm-blocks -serialize-diagnostic-file /Users/kangyixiao/EchoFile/coding/SJTU-SE/SE344_ComputerGraphics/glfw-3.3.4/build/CMakeFiles/CMakeTmp/CMAKE_TRY_COMPILE.build/Debug/cmTC_0e95e.build/Objects-normal/x86_64/CMakeCCompilerABI.dia -clang-vendor-feature=+disableNonDependentMemberExprInCurrentInstantiation -fno-odr-hash-protocols -mllvm -disable-aligned-alloc-awareness=1 -o /Users/kangyixiao/EchoFile/coding/SJTU-SE/SE344_ComputerGraphics/glfw-3.3.4/build/CMakeFiles/CMakeTmp/CMAKE_TRY_COMPILE.build/Debug/cmTC_0e95e.build/Objects-normal/x86_64/CMakeCCompilerABI.o -x c /Applications/CMake.app/Contents/share/cmake-3.21/Modules/CMakeCCompilerABI.c]
  ignore line: [clang -cc1 version 12.0.5 (clang-1205.0.22.11) default target x86_64-apple-darwin20.5.0]
  ignore line: [ignoring nonexistent directory "/Users/kangyixiao/EchoFile/coding/SJTU-SE/SE344_ComputerGraphics/glfw-3.3.4/build/CMakeFiles/CMakeTmp/Debug/include"]
  ignore line: [ignoring nonexistent directory "/Users/kangyixiao/EchoFile/coding/SJTU-SE/SE344_ComputerGraphics/glfw-3.3.4/build/CMakeFiles/CMakeTmp/CMAKE_TRY_COMPILE.build/Debug/cmTC_0e95e.build/DerivedSources-normal/x86_64"]
  ignore line: [ignoring nonexistent directory "/Users/kangyixiao/EchoFile/coding/SJTU-SE/SE344_ComputerGraphics/glfw-3.3.4/build/CMakeFiles/CMakeTmp/CMAKE_TRY_COMPILE.build/Debug/cmTC_0e95e.build/DerivedSources/x86_64"]
  ignore line: [ignoring nonexistent directory "/Users/kangyixiao/EchoFile/coding/SJTU-SE/SE344_ComputerGraphics/glfw-3.3.4/build/CMakeFiles/CMakeTmp/CMAKE_TRY_COMPILE.build/Debug/cmTC_0e95e.build/DerivedSources"]
  ignore line: [ignoring nonexistent directory "/Library/Developer/CommandLineTools/SDKs/MacOSX11.0.sdk/usr/local/include"]
  ignore line: [ignoring nonexistent directory "/Library/Developer/CommandLineTools/SDKs/MacOSX11.0.sdk/Library/Frameworks"]
  ignore line: [#include "..." search starts here:]
  ignore line: [#include <...> search starts here:]
  ignore line: [ /Users/kangyixiao/EchoFile/coding/SJTU-SE/SE344_ComputerGraphics/glfw-3.3.4/build/CMakeFiles/CMakeTmp/Debug (framework directory)]
  ignore line: [ /Applications/Xcode.app/Contents/Developer/Toolchains/XcodeDefault.xctoolchain/usr/lib/clang/12.0.5/include]
  ignore line: [ /Library/Developer/CommandLineTools/SDKs/MacOSX11.0.sdk/usr/include]
  ignore line: [ /Applications/Xcode.app/Contents/Developer/Toolchains/XcodeDefault.xctoolchain/usr/include]
  ignore line: [ /Library/Developer/CommandLineTools/SDKs/MacOSX11.0.sdk/System/Library/Frameworks (framework directory)]
  ignore line: [End of search list.]
  ignore line: []
  ignore line: [WriteAuxiliaryFile /Users/kangyixiao/EchoFile/coding/SJTU-SE/SE344_ComputerGraphics/glfw-3.3.4/build/CMakeFiles/CMakeTmp/CMAKE_TRY_COMPILE.build/Debug/cmTC_0e95e.build/Objects-normal/x86_64/cmTC_0e95e.LinkFileList (in target 'cmTC_0e95e' from project 'CMAKE_TRY_COMPILE')]
  ignore line: [    cd /Users/kangyixiao/EchoFile/coding/SJTU-SE/SE344_ComputerGraphics/glfw-3.3.4/build/CMakeFiles/CMakeTmp]
  ignore line: [    write-file /Users/kangyixiao/EchoFile/coding/SJTU-SE/SE344_ComputerGraphics/glfw-3.3.4/build/CMakeFiles/CMakeTmp/CMAKE_TRY_COMPILE.build/Debug/cmTC_0e95e.build/Objects-normal/x86_64/cmTC_0e95e.LinkFileList]
  ignore line: []
  ignore line: [Ld /Users/kangyixiao/EchoFile/coding/SJTU-SE/SE344_ComputerGraphics/glfw-3.3.4/build/CMakeFiles/CMakeTmp/Debug/cmTC_0e95e normal (in target 'cmTC_0e95e' from project 'CMAKE_TRY_COMPILE')]
  ignore line: [    cd /Users/kangyixiao/EchoFile/coding/SJTU-SE/SE344_ComputerGraphics/glfw-3.3.4/build/CMakeFiles/CMakeTmp]
  ignore line: [    /Applications/Xcode.app/Contents/Developer/Toolchains/XcodeDefault.xctoolchain/usr/bin/clang -target x86_64-apple-macos11.0 -isysroot /Library/Developer/CommandLineTools/SDKs/MacOSX11.0.sdk -L/Users/kangyixiao/EchoFile/coding/SJTU-SE/SE344_ComputerGraphics/glfw-3.3.4/build/CMakeFiles/CMakeTmp/Debug -F/Users/kangyixiao/EchoFile/coding/SJTU-SE/SE344_ComputerGraphics/glfw-3.3.4/build/CMakeFiles/CMakeTmp/Debug -filelist /Users/kangyixiao/EchoFile/coding/SJTU-SE/SE344_ComputerGraphics/glfw-3.3.4/build/CMakeFiles/CMakeTmp/CMAKE_TRY_COMPILE.build/Debug/cmTC_0e95e.build/Objects-normal/x86_64/cmTC_0e95e.LinkFileList -Xlinker -object_path_lto -Xlinker /Users/kangyixiao/EchoFile/coding/SJTU-SE/SE344_ComputerGraphics/glfw-3.3.4/build/CMakeFiles/CMakeTmp/CMAKE_TRY_COMPILE.build/Debug/cmTC_0e95e.build/Objects-normal/x86_64/cmTC_0e95e_lto.o -Xlinker -no_deduplicate -v -Wl -v -Wl -search_paths_first -Wl -headerpad_max_install_names -Xlinker -dependency_info -Xlinker /Users/kangyixiao/EchoFile/coding/SJTU-SE/SE344_ComputerGraphics/glfw-3.3.4/build/CMakeFiles/CMakeTmp/CMAKE_TRY_COMPILE.build/Debug/cmTC_0e95e.build/Objects-normal/x86_64/cmTC_0e95e_dependency_info.dat -o /Users/kangyixiao/EchoFile/coding/SJTU-SE/SE344_ComputerGraphics/glfw-3.3.4/build/CMakeFiles/CMakeTmp/Debug/cmTC_0e95e]
  ignore line: [Apple clang version 12.0.5 (clang-1205.0.22.11)]
  ignore line: [Target: x86_64-apple-macos11.0]
  ignore line: [Thread model: posix]
  ignore line: [InstalledDir: /Applications/Xcode.app/Contents/Developer/Toolchains/XcodeDefault.xctoolchain/usr/bin]
  reduced line: [ "/Applications/Xcode.app/Contents/Developer/Toolchains/XcodeDefault.xctoolchain/usr/bin/ld" -demangle -lto_library /Applications/Xcode.app/Contents/Developer/Toolchains/XcodeDefault.xctoolchain/usr/lib/libLTO.dylib -dynamic -arch x86_64 -platform_version macos 11.0.0 11.0 -syslibroot /Library/Developer/CommandLineTools/SDKs/MacOSX11.0.sdk -o /Users/kangyixiao/EchoFile/coding/SJTU-SE/SE344_ComputerGraphics/glfw-3.3.4/build/CMakeFiles/CMakeTmp/Debug/cmTC_0e95e -L/Users/kangyixiao/EchoFile/coding/SJTU-SE/SE344_ComputerGraphics/glfw-3.3.4/build/CMakeFiles/CMakeTmp/Debug -filelist /Users/kangyixiao/EchoFile/coding/SJTU-SE/SE344_ComputerGraphics/glfw-3.3.4/build/CMakeFiles/CMakeTmp/CMAKE_TRY_COMPILE.build/Debug/cmTC_0e95e.build/Objects-normal/x86_64/cmTC_0e95e.LinkFileList -object_path_lto /Users/kangyixiao/EchoFile/coding/SJTU-SE/SE344_ComputerGraphics/glfw-3.3.4/build/CMakeFiles/CMakeTmp/CMAKE_TRY_COMPILE.build/Debug/cmTC_0e95e.build/Objects-normal/x86_64/cmTC_0e95e_lto.o -no_deduplicate -v -search_paths_first -headerpad_max_install_names -dependency_info /Users/kangyixiao/EchoFile/coding/SJTU-SE/SE344_ComputerGraphics/glfw-3.3.4/build/CMakeFiles/CMakeTmp/CMAKE_TRY_COMPILE.build/Debug/cmTC_0e95e.build/Objects-normal/x86_64/cmTC_0e95e_dependency_info.dat -lSystem /Applications/Xcode.app/Contents/Developer/Toolchains/XcodeDefault.xctoolchain/usr/lib/clang/12.0.5/lib/darwin/libclang_rt.osx.a -F/Users/kangyixiao/EchoFile/coding/SJTU-SE/SE344_ComputerGraphics/glfw-3.3.4/build/CMakeFiles/CMakeTmp/Debug]
            to: [ "/Applications/Xcode.app/Contents/Developer/Toolchains/XcodeDefault.xctoolchain/usr/bin/ld" -demangle -lto_library /Applications/Xcode.app/Contents/Developer/Toolchains/XcodeDefault.xctoolchain/usr/lib/libLTO.dylib -dynamic -arch x86_64 -platform_version macos 11.0.0 11.0 -syslibroot /Library/Developer/CommandLineTools/SDKs/MacOSX11.0.sdk -o /Users/kangyixiao/EchoFile/coding/SJTU-SE/SE344_ComputerGraphics/glfw-3.3.4/build/CMakeFiles/CMakeTmp/Debug/cmTC_0e95e -filelist /Users/kangyixiao/EchoFile/coding/SJTU-SE/SE344_ComputerGraphics/glfw-3.3.4/build/CMakeFiles/CMakeTmp/CMAKE_TRY_COMPILE.build/Debug/cmTC_0e95e.build/Objects-normal/x86_64/cmTC_0e95e.LinkFileList -object_path_lto /Users/kangyixiao/EchoFile/coding/SJTU-SE/SE344_ComputerGraphics/glfw-3.3.4/build/CMakeFiles/CMakeTmp/CMAKE_TRY_COMPILE.build/Debug/cmTC_0e95e.build/Objects-normal/x86_64/cmTC_0e95e_lto.o -no_deduplicate -v -search_paths_first -headerpad_max_install_names -dependency_info /Users/kangyixiao/EchoFile/coding/SJTU-SE/SE344_ComputerGraphics/glfw-3.3.4/build/CMakeFiles/CMakeTmp/CMAKE_TRY_COMPILE.build/Debug/cmTC_0e95e.build/Objects-normal/x86_64/cmTC_0e95e_dependency_info.dat -lSystem /Applications/Xcode.app/Contents/Developer/Toolchains/XcodeDefault.xctoolchain/usr/lib/clang/12.0.5/lib/darwin/libclang_rt.osx.a ]
  link line: [ "/Applications/Xcode.app/Contents/Developer/Toolchains/XcodeDefault.xctoolchain/usr/bin/ld" -demangle -lto_library /Applications/Xcode.app/Contents/Developer/Toolchains/XcodeDefault.xctoolchain/usr/lib/libLTO.dylib -dynamic -arch x86_64 -platform_version macos 11.0.0 11.0 -syslibroot /Library/Developer/CommandLineTools/SDKs/MacOSX11.0.sdk -o /Users/kangyixiao/EchoFile/coding/SJTU-SE/SE344_ComputerGraphics/glfw-3.3.4/build/CMakeFiles/CMakeTmp/Debug/cmTC_0e95e -filelist /Users/kangyixiao/EchoFile/coding/SJTU-SE/SE344_ComputerGraphics/glfw-3.3.4/build/CMakeFiles/CMakeTmp/CMAKE_TRY_COMPILE.build/Debug/cmTC_0e95e.build/Objects-normal/x86_64/cmTC_0e95e.LinkFileList -object_path_lto /Users/kangyixiao/EchoFile/coding/SJTU-SE/SE344_ComputerGraphics/glfw-3.3.4/build/CMakeFiles/CMakeTmp/CMAKE_TRY_COMPILE.build/Debug/cmTC_0e95e.build/Objects-normal/x86_64/cmTC_0e95e_lto.o -no_deduplicate -v -search_paths_first -headerpad_max_install_names -dependency_info /Users/kangyixiao/EchoFile/coding/SJTU-SE/SE344_ComputerGraphics/glfw-3.3.4/build/CMakeFiles/CMakeTmp/CMAKE_TRY_COMPILE.build/Debug/cmTC_0e95e.build/Objects-normal/x86_64/cmTC_0e95e_dependency_info.dat -lSystem /Applications/Xcode.app/Contents/Developer/Toolchains/XcodeDefault.xctoolchain/usr/lib/clang/12.0.5/lib/darwin/libclang_rt.osx.a ]
    arg [/Applications/Xcode.app/Contents/Developer/Toolchains/XcodeDefault.xctoolchain/usr/bin/ld] ==> ignore
    arg [-demangle] ==> ignore
    arg [-lto_library] ==> ignore, skip following value
    arg [/Applications/Xcode.app/Contents/Developer/Toolchains/XcodeDefault.xctoolchain/usr/lib/libLTO.dylib] ==> skip value of -lto_library
    arg [-dynamic] ==> ignore
    arg [-arch] ==> ignore
    arg [x86_64] ==> ignore
    arg [-platform_version] ==> ignore
    arg [macos] ==> ignore
    arg [11.0.0] ==> ignore
    arg [11.0] ==> ignore
    arg [-syslibroot] ==> ignore
    arg [/Library/Developer/CommandLineTools/SDKs/MacOSX11.0.sdk] ==> ignore
    arg [-o] ==> ignore
    arg [/Users/kangyixiao/EchoFile/coding/SJTU-SE/SE344_ComputerGraphics/glfw-3.3.4/build/CMakeFiles/CMakeTmp/Debug/cmTC_0e95e] ==> ignore
    arg [-filelist] ==> ignore
    arg [/Users/kangyixiao/EchoFile/coding/SJTU-SE/SE344_ComputerGraphics/glfw-3.3.4/build/CMakeFiles/CMakeTmp/CMAKE_TRY_COMPILE.build/Debug/cmTC_0e95e.build/Objects-normal/x86_64/cmTC_0e95e.LinkFileList] ==> ignore
    arg [-object_path_lto] ==> ignore
    arg [/Users/kangyixiao/EchoFile/coding/SJTU-SE/SE344_ComputerGraphics/glfw-3.3.4/build/CMakeFiles/CMakeTmp/CMAKE_TRY_COMPILE.build/Debug/cmTC_0e95e.build/Objects-normal/x86_64/cmTC_0e95e_lto.o] ==> obj [/Users/kangyixiao/EchoFile/coding/SJTU-SE/SE344_ComputerGraphics/glfw-3.3.4/build/CMakeFiles/CMakeTmp/CMAKE_TRY_COMPILE.build/Debug/cmTC_0e95e.build/Objects-normal/x86_64/cmTC_0e95e_lto.o]
    arg [-no_deduplicate] ==> ignore
    arg [-v] ==> ignore
    arg [-search_paths_first] ==> ignore
    arg [-headerpad_max_install_names] ==> ignore
    arg [-dependency_info] ==> ignore
    arg [/Users/kangyixiao/EchoFile/coding/SJTU-SE/SE344_ComputerGraphics/glfw-3.3.4/build/CMakeFiles/CMakeTmp/CMAKE_TRY_COMPILE.build/Debug/cmTC_0e95e.build/Objects-normal/x86_64/cmTC_0e95e_dependency_info.dat] ==> ignore
    arg [-lSystem] ==> lib [System]
    arg [/Applications/Xcode.app/Contents/Developer/Toolchains/XcodeDefault.xctoolchain/usr/lib/clang/12.0.5/lib/darwin/libclang_rt.osx.a] ==> lib [/Applications/Xcode.app/Contents/Developer/Toolchains/XcodeDefault.xctoolchain/usr/lib/clang/12.0.5/lib/darwin/libclang_rt.osx.a]
  Library search paths: [;/Users/kangyixiao/EchoFile/coding/SJTU-SE/SE344_ComputerGraphics/glfw-3.3.4/build/CMakeFiles/CMakeTmp/Debug;/Library/Developer/CommandLineTools/SDKs/MacOSX11.0.sdk/usr/lib]
  Framework search paths: [;/Users/kangyixiao/EchoFile/coding/SJTU-SE/SE344_ComputerGraphics/glfw-3.3.4/build/CMakeFiles/CMakeTmp/Debug;/Library/Developer/CommandLineTools/SDKs/MacOSX11.0.sdk/System/Library/Frameworks/]
  remove lib [System]
  remove lib [/Applications/Xcode.app/Contents/Developer/Toolchains/XcodeDefault.xctoolchain/usr/lib/clang/12.0.5/lib/darwin/libclang_rt.osx.a]
  collapse library dir [/Users/kangyixiao/EchoFile/coding/SJTU-SE/SE344_ComputerGraphics/glfw-3.3.4/build/CMakeFiles/CMakeTmp/Debug] ==> [/Users/kangyixiao/EchoFile/coding/SJTU-SE/SE344_ComputerGraphics/glfw-3.3.4/build/CMakeFiles/CMakeTmp/Debug], skipping non-system directory
  collapse library dir [/Library/Developer/CommandLineTools/SDKs/MacOSX11.0.sdk/usr/lib] ==> [/Library/Developer/CommandLineTools/SDKs/MacOSX11.0.sdk/usr/lib]
  collapse framework dir [/Users/kangyixiao/EchoFile/coding/SJTU-SE/SE344_ComputerGraphics/glfw-3.3.4/build/CMakeFiles/CMakeTmp/Debug] ==> [/Users/kangyixiao/EchoFile/coding/SJTU-SE/SE344_ComputerGraphics/glfw-3.3.4/build/CMakeFiles/CMakeTmp/Debug], skipping non-system directory
  collapse framework dir [/Library/Developer/CommandLineTools/SDKs/MacOSX11.0.sdk/System/Library/Frameworks/] ==> [/Library/Developer/CommandLineTools/SDKs/MacOSX11.0.sdk/System/Library/Frameworks]
  implicit libs: []
  implicit objs: [/Users/kangyixiao/EchoFile/coding/SJTU-SE/SE344_ComputerGraphics/glfw-3.3.4/build/CMakeFiles/CMakeTmp/CMAKE_TRY_COMPILE.build/Debug/cmTC_0e95e.build/Objects-normal/x86_64/cmTC_0e95e_lto.o]
  implicit dirs: [/Library/Developer/CommandLineTools/SDKs/MacOSX11.0.sdk/usr/lib]
  implicit fwks: [/Library/Developer/CommandLineTools/SDKs/MacOSX11.0.sdk/System/Library/Frameworks]


Determining if the include file pthread.h exists passed with the following output:
Change Dir: /Users/kangyixiao/EchoFile/coding/SJTU-SE/SE344_ComputerGraphics/glfw-3.3.4/build/CMakeFiles/CMakeTmp

Run Build Command(s):/usr/bin/xcodebuild -project CMAKE_TRY_COMPILE.xcodeproj build -target cmTC_75dfe -parallelizeTargets -configuration Debug -hideShellScriptEnvironment && Command line invocation:
    /Applications/Xcode.app/Contents/Developer/usr/bin/xcodebuild -project CMAKE_TRY_COMPILE.xcodeproj build -target cmTC_75dfe -parallelizeTargets -configuration Debug -hideShellScriptEnvironment

User defaults from command line:
    HideShellScriptEnvironment = YES
    IDEPackageSupportUseBuiltinSCM = YES

note: Using new build system
note: Building targets in parallel
note: Planning build
note: Analyzing workspace
note: Constructing build description
note: Build preparation complete
CreateBuildDirectory /Users/kangyixiao/EchoFile/coding/SJTU-SE/SE344_ComputerGraphics/glfw-3.3.4/build/CMakeFiles/CMakeTmp
    cd /Users/kangyixiao/EchoFile/coding/SJTU-SE/SE344_ComputerGraphics/glfw-3.3.4/build/CMakeFiles/CMakeTmp/CMAKE_TRY_COMPILE.xcodeproj
    builtin-create-build-directory /Users/kangyixiao/EchoFile/coding/SJTU-SE/SE344_ComputerGraphics/glfw-3.3.4/build/CMakeFiles/CMakeTmp

CreateBuildDirectory /Users/kangyixiao/EchoFile/coding/SJTU-SE/SE344_ComputerGraphics/glfw-3.3.4/build/CMakeFiles/CMakeTmp/Debug
    cd /Users/kangyixiao/EchoFile/coding/SJTU-SE/SE344_ComputerGraphics/glfw-3.3.4/build/CMakeFiles/CMakeTmp/CMAKE_TRY_COMPILE.xcodeproj
    builtin-create-build-directory /Users/kangyixiao/EchoFile/coding/SJTU-SE/SE344_ComputerGraphics/glfw-3.3.4/build/CMakeFiles/CMakeTmp/Debug

WriteAuxiliaryFile /Users/kangyixiao/EchoFile/coding/SJTU-SE/SE344_ComputerGraphics/glfw-3.3.4/build/CMakeFiles/CMakeTmp/CMAKE_TRY_COMPILE.build/Debug/cmTC_75dfe.build/Objects-normal/x86_64/cmTC_75dfe.LinkFileList (in target 'cmTC_75dfe' from project 'CMAKE_TRY_COMPILE')
    cd /Users/kangyixiao/EchoFile/coding/SJTU-SE/SE344_ComputerGraphics/glfw-3.3.4/build/CMakeFiles/CMakeTmp
    write-file /Users/kangyixiao/EchoFile/coding/SJTU-SE/SE344_ComputerGraphics/glfw-3.3.4/build/CMakeFiles/CMakeTmp/CMAKE_TRY_COMPILE.build/Debug/cmTC_75dfe.build/Objects-normal/x86_64/cmTC_75dfe.LinkFileList

CompileC /Users/kangyixiao/EchoFile/coding/SJTU-SE/SE344_ComputerGraphics/glfw-3.3.4/build/CMakeFiles/CMakeTmp/CMAKE_TRY_COMPILE.build/Debug/cmTC_75dfe.build/Objects-normal/x86_64/CheckIncludeFile.o /Users/kangyixiao/EchoFile/coding/SJTU-SE/SE344_ComputerGraphics/glfw-3.3.4/build/CMakeFiles/CMakeTmp/CheckIncludeFile.c normal x86_64 c com.apple.compilers.llvm.clang.1_0.compiler (in target 'cmTC_75dfe' from project 'CMAKE_TRY_COMPILE')
    cd /Users/kangyixiao/EchoFile/coding/SJTU-SE/SE344_ComputerGraphics/glfw-3.3.4/build/CMakeFiles/CMakeTmp
    /Applications/Xcode.app/Contents/Developer/Toolchains/XcodeDefault.xctoolchain/usr/bin/clang -x c -target x86_64-apple-macos11.0 -fmessage-length\=0 -fdiagnostics-show-note-include-stack -fmacro-backtrace-limit\=0 -Wno-trigraphs -fpascal-strings -O0 -Wno-missing-field-initializers -Wno-missing-prototypes -Wno-return-type -Wno-missing-braces -Wparentheses -Wswitch -Wno-unused-function -Wno-unused-label -Wno-unused-parameter -Wno-unused-variable -Wunused-value -Wno-empty-body -Wno-uninitialized -Wno-unknown-pragmas -Wno-shadow -Wno-four-char-constants -Wno-conversion -Wno-constant-conversion -Wno-int-conversion -Wno-bool-conversion -Wno-enum-conversion -Wno-float-conversion -Wno-non-literal-null-conversion -Wno-objc-literal-conversion -Wno-shorten-64-to-32 -Wpointer-sign -Wno-newline-eof -DCMAKE_INTDIR\=\"Debug\" -isysroot /Library/Developer/CommandLineTools/SDKs/MacOSX11.0.sdk -fasm-blocks -fstrict-aliasing -Wdeprecated-declarations -g -Wno-sign-conversion -Wno-infinite-recursion -Wno-comma -Wno-block-capture-autoreleasing -Wno-strict-prototypes -Wno-semicolon-before-method-body -I/Users/kangyixiao/EchoFile/coding/SJTU-SE/SE344_ComputerGraphics/glfw-3.3.4/build/CMakeFiles/CMakeTmp/Debug/include -I/Users/kangyixiao/EchoFile/coding/SJTU-SE/SE344_ComputerGraphics/glfw-3.3.4/build/CMakeFiles/CMakeTmp/CMAKE_TRY_COMPILE.build/Debug/cmTC_75dfe.build/DerivedSources-normal/x86_64 -I/Users/kangyixiao/EchoFile/coding/SJTU-SE/SE344_ComputerGraphics/glfw-3.3.4/build/CMakeFiles/CMakeTmp/CMAKE_TRY_COMPILE.build/Debug/cmTC_75dfe.build/DerivedSources/x86_64 -I/Users/kangyixiao/EchoFile/coding/SJTU-SE/SE344_ComputerGraphics/glfw-3.3.4/build/CMakeFiles/CMakeTmp/CMAKE_TRY_COMPILE.build/Debug/cmTC_75dfe.build/DerivedSources -F/Users/kangyixiao/EchoFile/coding/SJTU-SE/SE344_ComputerGraphics/glfw-3.3.4/build/CMakeFiles/CMakeTmp/Debug -MMD -MT dependencies -MF /Users/kangyixiao/EchoFile/coding/SJTU-SE/SE344_ComputerGraphics/glfw-3.3.4/build/CMakeFiles/CMakeTmp/CMAKE_TRY_COMPILE.build/Debug/cmTC_75dfe.build/Objects-normal/x86_64/CheckIncludeFile.d --serialize-diagnostics /Users/kangyixiao/EchoFile/coding/SJTU-SE/SE344_ComputerGraphics/glfw-3.3.4/build/CMakeFiles/CMakeTmp/CMAKE_TRY_COMPILE.build/Debug/cmTC_75dfe.build/Objects-normal/x86_64/CheckIncludeFile.dia -c /Users/kangyixiao/EchoFile/coding/SJTU-SE/SE344_ComputerGraphics/glfw-3.3.4/build/CMakeFiles/CMakeTmp/CheckIncludeFile.c -o /Users/kangyixiao/EchoFile/coding/SJTU-SE/SE344_ComputerGraphics/glfw-3.3.4/build/CMakeFiles/CMakeTmp/CMAKE_TRY_COMPILE.build/Debug/cmTC_75dfe.build/Objects-normal/x86_64/CheckIncludeFile.o

Ld /Users/kangyixiao/EchoFile/coding/SJTU-SE/SE344_ComputerGraphics/glfw-3.3.4/build/CMakeFiles/CMakeTmp/Debug/cmTC_75dfe normal (in target 'cmTC_75dfe' from project 'CMAKE_TRY_COMPILE')
    cd /Users/kangyixiao/EchoFile/coding/SJTU-SE/SE344_ComputerGraphics/glfw-3.3.4/build/CMakeFiles/CMakeTmp
    /Applications/Xcode.app/Contents/Developer/Toolchains/XcodeDefault.xctoolchain/usr/bin/clang -target x86_64-apple-macos11.0 -isysroot /Library/Developer/CommandLineTools/SDKs/MacOSX11.0.sdk -L/Users/kangyixiao/EchoFile/coding/SJTU-SE/SE344_ComputerGraphics/glfw-3.3.4/build/CMakeFiles/CMakeTmp/Debug -F/Users/kangyixiao/EchoFile/coding/SJTU-SE/SE344_ComputerGraphics/glfw-3.3.4/build/CMakeFiles/CMakeTmp/Debug -filelist /Users/kangyixiao/EchoFile/coding/SJTU-SE/SE344_ComputerGraphics/glfw-3.3.4/build/CMakeFiles/CMakeTmp/CMAKE_TRY_COMPILE.build/Debug/cmTC_75dfe.build/Objects-normal/x86_64/cmTC_75dfe.LinkFileList -Xlinker -object_path_lto -Xlinker /Users/kangyixiao/EchoFile/coding/SJTU-SE/SE344_ComputerGraphics/glfw-3.3.4/build/CMakeFiles/CMakeTmp/CMAKE_TRY_COMPILE.build/Debug/cmTC_75dfe.build/Objects-normal/x86_64/cmTC_75dfe_lto.o -Xlinker -no_deduplicate -Wl,-search_paths_first -Wl,-headerpad_max_install_names -Xlinker -dependency_info -Xlinker /Users/kangyixiao/EchoFile/coding/SJTU-SE/SE344_ComputerGraphics/glfw-3.3.4/build/CMakeFiles/CMakeTmp/CMAKE_TRY_COMPILE.build/Debug/cmTC_75dfe.build/Objects-normal/x86_64/cmTC_75dfe_dependency_info.dat -o /Users/kangyixiao/EchoFile/coding/SJTU-SE/SE344_ComputerGraphics/glfw-3.3.4/build/CMakeFiles/CMakeTmp/Debug/cmTC_75dfe

RegisterExecutionPolicyException /Users/kangyixiao/EchoFile/coding/SJTU-SE/SE344_ComputerGraphics/glfw-3.3.4/build/CMakeFiles/CMakeTmp/Debug/cmTC_75dfe (in target 'cmTC_75dfe' from project 'CMAKE_TRY_COMPILE')
    cd /Users/kangyixiao/EchoFile/coding/SJTU-SE/SE344_ComputerGraphics/glfw-3.3.4/build/CMakeFiles/CMakeTmp
    builtin-RegisterExecutionPolicyException /Users/kangyixiao/EchoFile/coding/SJTU-SE/SE344_ComputerGraphics/glfw-3.3.4/build/CMakeFiles/CMakeTmp/Debug/cmTC_75dfe

** BUILD SUCCEEDED **




Performing C SOURCE FILE Test CMAKE_HAVE_LIBC_PTHREAD succeeded with the following output:
Change Dir: /Users/kangyixiao/EchoFile/coding/SJTU-SE/SE344_ComputerGraphics/glfw-3.3.4/build/CMakeFiles/CMakeTmp

Run Build Command(s):/usr/bin/xcodebuild -project CMAKE_TRY_COMPILE.xcodeproj build -target cmTC_5b5df -parallelizeTargets -configuration Debug -hideShellScriptEnvironment && Command line invocation:
    /Applications/Xcode.app/Contents/Developer/usr/bin/xcodebuild -project CMAKE_TRY_COMPILE.xcodeproj build -target cmTC_5b5df -parallelizeTargets -configuration Debug -hideShellScriptEnvironment

User defaults from command line:
    HideShellScriptEnvironment = YES
    IDEPackageSupportUseBuiltinSCM = YES

note: Using new build system
note: Building targets in parallel
note: Planning build
note: Analyzing workspace
note: Constructing build description
note: Build preparation complete
CreateBuildDirectory /Users/kangyixiao/EchoFile/coding/SJTU-SE/SE344_ComputerGraphics/glfw-3.3.4/build/CMakeFiles/CMakeTmp
    cd /Users/kangyixiao/EchoFile/coding/SJTU-SE/SE344_ComputerGraphics/glfw-3.3.4/build/CMakeFiles/CMakeTmp/CMAKE_TRY_COMPILE.xcodeproj
    builtin-create-build-directory /Users/kangyixiao/EchoFile/coding/SJTU-SE/SE344_ComputerGraphics/glfw-3.3.4/build/CMakeFiles/CMakeTmp

CreateBuildDirectory /Users/kangyixiao/EchoFile/coding/SJTU-SE/SE344_ComputerGraphics/glfw-3.3.4/build/CMakeFiles/CMakeTmp/Debug
    cd /Users/kangyixiao/EchoFile/coding/SJTU-SE/SE344_ComputerGraphics/glfw-3.3.4/build/CMakeFiles/CMakeTmp/CMAKE_TRY_COMPILE.xcodeproj
    builtin-create-build-directory /Users/kangyixiao/EchoFile/coding/SJTU-SE/SE344_ComputerGraphics/glfw-3.3.4/build/CMakeFiles/CMakeTmp/Debug

WriteAuxiliaryFile /Users/kangyixiao/EchoFile/coding/SJTU-SE/SE344_ComputerGraphics/glfw-3.3.4/build/CMakeFiles/CMakeTmp/CMAKE_TRY_COMPILE.build/Debug/cmTC_5b5df.build/Objects-normal/x86_64/cmTC_5b5df.LinkFileList (in target 'cmTC_5b5df' from project 'CMAKE_TRY_COMPILE')
    cd /Users/kangyixiao/EchoFile/coding/SJTU-SE/SE344_ComputerGraphics/glfw-3.3.4/build/CMakeFiles/CMakeTmp
    write-file /Users/kangyixiao/EchoFile/coding/SJTU-SE/SE344_ComputerGraphics/glfw-3.3.4/build/CMakeFiles/CMakeTmp/CMAKE_TRY_COMPILE.build/Debug/cmTC_5b5df.build/Objects-normal/x86_64/cmTC_5b5df.LinkFileList

CompileC /Users/kangyixiao/EchoFile/coding/SJTU-SE/SE344_ComputerGraphics/glfw-3.3.4/build/CMakeFiles/CMakeTmp/CMAKE_TRY_COMPILE.build/Debug/cmTC_5b5df.build/Objects-normal/x86_64/src.o /Users/kangyixiao/EchoFile/coding/SJTU-SE/SE344_ComputerGraphics/glfw-3.3.4/build/CMakeFiles/CMakeTmp/src.c normal x86_64 c com.apple.compilers.llvm.clang.1_0.compiler (in target 'cmTC_5b5df' from project 'CMAKE_TRY_COMPILE')
    cd /Users/kangyixiao/EchoFile/coding/SJTU-SE/SE344_ComputerGraphics/glfw-3.3.4/build/CMakeFiles/CMakeTmp
    /Applications/Xcode.app/Contents/Developer/Toolchains/XcodeDefault.xctoolchain/usr/bin/clang -x c -target x86_64-apple-macos11.0 -fmessage-length\=0 -fdiagnostics-show-note-include-stack -fmacro-backtrace-limit\=0 -Wno-trigraphs -fpascal-strings -O0 -Wno-missing-field-initializers -Wno-missing-prototypes -Wno-return-type -Wno-missing-braces -Wparentheses -Wswitch -Wno-unused-function -Wno-unused-label -Wno-unused-parameter -Wno-unused-variable -Wunused-value -Wno-empty-body -Wno-uninitialized -Wno-unknown-pragmas -Wno-shadow -Wno-four-char-constants -Wno-conversion -Wno-constant-conversion -Wno-int-conversion -Wno-bool-conversion -Wno-enum-conversion -Wno-float-conversion -Wno-non-literal-null-conversion -Wno-objc-literal-conversion -Wno-shorten-64-to-32 -Wpointer-sign -Wno-newline-eof -DCMAKE_INTDIR\=\"Debug\" -DCMAKE_HAVE_LIBC_PTHREAD -isysroot /Library/Developer/CommandLineTools/SDKs/MacOSX11.0.sdk -fasm-blocks -fstrict-aliasing -Wdeprecated-declarations -g -Wno-sign-conversion -Wno-infinite-recursion -Wno-comma -Wno-block-capture-autoreleasing -Wno-strict-prototypes -Wno-semicolon-before-method-body -I/Users/kangyixiao/EchoFile/coding/SJTU-SE/SE344_ComputerGraphics/glfw-3.3.4/build/CMakeFiles/CMakeTmp/Debug/include -I/Users/kangyixiao/EchoFile/coding/SJTU-SE/SE344_ComputerGraphics/glfw-3.3.4/build/CMakeFiles/CMakeTmp/CMAKE_TRY_COMPILE.build/Debug/cmTC_5b5df.build/DerivedSources-normal/x86_64 -I/Users/kangyixiao/EchoFile/coding/SJTU-SE/SE344_ComputerGraphics/glfw-3.3.4/build/CMakeFiles/CMakeTmp/CMAKE_TRY_COMPILE.build/Debug/cmTC_5b5df.build/DerivedSources/x86_64 -I/Users/kangyixiao/EchoFile/coding/SJTU-SE/SE344_ComputerGraphics/glfw-3.3.4/build/CMakeFiles/CMakeTmp/CMAKE_TRY_COMPILE.build/Debug/cmTC_5b5df.build/DerivedSources -F/Users/kangyixiao/EchoFile/coding/SJTU-SE/SE344_ComputerGraphics/glfw-3.3.4/build/CMakeFiles/CMakeTmp/Debug -MMD -MT dependencies -MF /Users/kangyixiao/EchoFile/coding/SJTU-SE/SE344_ComputerGraphics/glfw-3.3.4/build/CMakeFiles/CMakeTmp/CMAKE_TRY_COMPILE.build/Debug/cmTC_5b5df.build/Objects-normal/x86_64/src.d --serialize-diagnostics /Users/kangyixiao/EchoFile/coding/SJTU-SE/SE344_ComputerGraphics/glfw-3.3.4/build/CMakeFiles/CMakeTmp/CMAKE_TRY_COMPILE.build/Debug/cmTC_5b5df.build/Objects-normal/x86_64/src.dia -c /Users/kangyixiao/EchoFile/coding/SJTU-SE/SE344_ComputerGraphics/glfw-3.3.4/build/CMakeFiles/CMakeTmp/src.c -o /Users/kangyixiao/EchoFile/coding/SJTU-SE/SE344_ComputerGraphics/glfw-3.3.4/build/CMakeFiles/CMakeTmp/CMAKE_TRY_COMPILE.build/Debug/cmTC_5b5df.build/Objects-normal/x86_64/src.o

Ld /Users/kangyixiao/EchoFile/coding/SJTU-SE/SE344_ComputerGraphics/glfw-3.3.4/build/CMakeFiles/CMakeTmp/Debug/cmTC_5b5df normal (in target 'cmTC_5b5df' from project 'CMAKE_TRY_COMPILE')
    cd /Users/kangyixiao/EchoFile/coding/SJTU-SE/SE344_ComputerGraphics/glfw-3.3.4/build/CMakeFiles/CMakeTmp
    /Applications/Xcode.app/Contents/Developer/Toolchains/XcodeDefault.xctoolchain/usr/bin/clang -target x86_64-apple-macos11.0 -isysroot /Library/Developer/CommandLineTools/SDKs/MacOSX11.0.sdk -L/Users/kangyixiao/EchoFile/coding/SJTU-SE/SE344_ComputerGraphics/glfw-3.3.4/build/CMakeFiles/CMakeTmp/Debug -F/Users/kangyixiao/EchoFile/coding/SJTU-SE/SE344_ComputerGraphics/glfw-3.3.4/build/CMakeFiles/CMakeTmp/Debug -filelist /Users/kangyixiao/EchoFile/coding/SJTU-SE/SE344_ComputerGraphics/glfw-3.3.4/build/CMakeFiles/CMakeTmp/CMAKE_TRY_COMPILE.build/Debug/cmTC_5b5df.build/Objects-normal/x86_64/cmTC_5b5df.LinkFileList -Xlinker -object_path_lto -Xlinker /Users/kangyixiao/EchoFile/coding/SJTU-SE/SE344_ComputerGraphics/glfw-3.3.4/build/CMakeFiles/CMakeTmp/CMAKE_TRY_COMPILE.build/Debug/cmTC_5b5df.build/Objects-normal/x86_64/cmTC_5b5df_lto.o -Xlinker -no_deduplicate -Wl,-search_paths_first -Wl,-headerpad_max_install_names -Xlinker -dependency_info -Xlinker /Users/kangyixiao/EchoFile/coding/SJTU-SE/SE344_ComputerGraphics/glfw-3.3.4/build/CMakeFiles/CMakeTmp/CMAKE_TRY_COMPILE.build/Debug/cmTC_5b5df.build/Objects-normal/x86_64/cmTC_5b5df_dependency_info.dat -o /Users/kangyixiao/EchoFile/coding/SJTU-SE/SE344_ComputerGraphics/glfw-3.3.4/build/CMakeFiles/CMakeTmp/Debug/cmTC_5b5df

RegisterExecutionPolicyException /Users/kangyixiao/EchoFile/coding/SJTU-SE/SE344_ComputerGraphics/glfw-3.3.4/build/CMakeFiles/CMakeTmp/Debug/cmTC_5b5df (in target 'cmTC_5b5df' from project 'CMAKE_TRY_COMPILE')
    cd /Users/kangyixiao/EchoFile/coding/SJTU-SE/SE344_ComputerGraphics/glfw-3.3.4/build/CMakeFiles/CMakeTmp
    builtin-RegisterExecutionPolicyException /Users/kangyixiao/EchoFile/coding/SJTU-SE/SE344_ComputerGraphics/glfw-3.3.4/build/CMakeFiles/CMakeTmp/Debug/cmTC_5b5df

** BUILD SUCCEEDED **



Source file was:
#include <pthread.h>

static void* test_func(void* data)
{
  return data;
}

int main(void)
{
  pthread_t thread;
  pthread_create(&thread, NULL, test_func, NULL);
  pthread_detach(thread);
  pthread_cancel(thread);
  pthread_join(thread, NULL);
  pthread_atfork(NULL, NULL, NULL);
  pthread_exit(NULL);

  return 0;
}

