	im: get_inode 1
	im: inode not exist
	im: put_inode 1
FUSE library version: 2.9.9
unique: 2, opcode: INIT (26), nodeid: 0, insize: 56, pid: 0
INIT: 7.32
flags=0x03fffffb
max_readahead=0x00020000
   INIT: 7.19
   flags=0x00000000
   max_readahead=0x00020000
   max_write=0x00020000
   max_background=0
   congestion_threshold=0
   unique: 2, success, outsize: 40
unique: 4, opcode: LOOKUP (1), nodeid: 1, insize: 46, pid: 1058
lookup parent: 1, name: a1058
extent_server: get 1
	im: get_inode 1
   unique: 4, error: -2 (No such file or directory), outsize: 16
unique: 6, opcode: CREATE (35), nodeid: 1, insize: 62, pid: 1058
lookup parent: 1, name: a1058
extent_server: get 1
	im: get_inode 1
extent_server: create inode
	im: get_inode 1
	im: get_inode 2
	im: inode not exist
	im: put_inode 2
extent_server: get 1
	im: get_inode 1
	im: get_inode 1
	im: alloc_block_nth 0
	im: put_inode 1
extent_server: getattr 2
	im: get_inode 2
isfile: 2 is a file
getattr 0000000000000002 1
extent_server: getattr 2
	im: get_inode 2
isfile: 2 is a file
getfile 0000000000000002
extent_server: getattr 2
	im: get_inode 2
getfile 0000000000000002 -> sz 0
   getattr -> 0
   unique: 6, success, outsize: 160
OK: create returns.
unique: 8, opcode: IOCTL (39), nodeid: 2, insize: 72, pid: 1058
   unique: 8, error: -38 (Function not implemented), outsize: 16
unique: 10, opcode: GETATTR (3), nodeid: 2, insize: 56, pid: 1058
extent_server: getattr 2
	im: get_inode 2
isfile: 2 is a file
getattr 0000000000000002 1
extent_server: getattr 2
	im: get_inode 2
isfile: 2 is a file
getfile 0000000000000002
extent_server: getattr 2
	im: get_inode 2
getfile 0000000000000002 -> sz 0
   getattr -> 0
   unique: 10, success, outsize: 120
unique: 12, opcode: GETXATTR (22), nodeid: 2, insize: 68, pid: 1058
   unique: 12, error: -38 (Function not implemented), outsize: 16
unique: 14, opcode: WRITE (16), nodeid: 2, insize: 680, pid: 1058
extent_server: get 2
	im: get_inode 2
	im: get_inode 2
	im: alloc_block_nth 0
	im: alloc_block_nth 1
	im: put_inode 2
   unique: 14, success, outsize: 24
unique: 16, opcode: FLUSH (25), nodeid: 2, insize: 64, pid: 1058
   unique: 16, error: -38 (Function not implemented), outsize: 16
unique: 18, opcode: RELEASE (18), nodeid: 2, insize: 64, pid: 0
   unique: 18, success, outsize: 16
unique: 20, opcode: LOOKUP (1), nodeid: 1, insize: 46, pid: 1058
lookup parent: 1, name: a1058
extent_server: get 1
	im: get_inode 1
extent_server: getattr 2
	im: get_inode 2
isfile: 2 is a file
getattr 0000000000000002 1
extent_server: getattr 2
	im: get_inode 2
isfile: 2 is a file
getfile 0000000000000002
extent_server: getattr 2
	im: get_inode 2
getfile 0000000000000002 -> sz 600
   getattr -> 600
   unique: 20, success, outsize: 144
unique: 22, opcode: OPEN (14), nodeid: 2, insize: 48, pid: 1058
   unique: 22, success, outsize: 32
unique: 24, opcode: IOCTL (39), nodeid: 2, insize: 72, pid: 1058
   unique: 24, error: -38 (Function not implemented), outsize: 16
unique: 26, opcode: GETATTR (3), nodeid: 2, insize: 56, pid: 1058
extent_server: getattr 2
	im: get_inode 2
isfile: 2 is a file
getattr 0000000000000002 1
extent_server: getattr 2
	im: get_inode 2
isfile: 2 is a file
getfile 0000000000000002
extent_server: getattr 2
	im: get_inode 2
getfile 0000000000000002 -> sz 600
   getattr -> 600
   unique: 26, success, outsize: 120
unique: 28, opcode: GETATTR (3), nodeid: 2, insize: 56, pid: 1058
extent_server: getattr 2
	im: get_inode 2
isfile: 2 is a file
getattr 0000000000000002 1
extent_server: getattr 2
	im: get_inode 2
isfile: 2 is a file
getfile 0000000000000002
extent_server: getattr 2
	im: get_inode 2
getfile 0000000000000002 -> sz 600
   getattr -> 600
   unique: 28, success, outsize: 120
unique: 30, opcode: READ (15), nodeid: 2, insize: 80, pid: 1058
extent_server: get 2
	im: get_inode 2
   unique: 30, success, outsize: 616
unique: 32, opcode: GETATTR (3), nodeid: 2, insize: 56, pid: 1058
extent_server: getattr 2
	im: get_inode 2
isfile: 2 is a file
getattr 0000000000000002 1
extent_server: getattr 2
	im: get_inode 2
isfile: 2 is a file
getfile 0000000000000002
extent_server: getattr 2
	im: get_inode 2
getfile 0000000000000002 -> sz 600
   getattr -> 600
   unique: 32, success, outsize: 120
unique: 34, opcode: RELEASE (18), nodeid: 2, insize: 64, pid: 0
   unique: 34, success, outsize: 16
unique: 36, opcode: LOOKUP (1), nodeid: 1, insize: 46, pid: 1058
lookup parent: 1, name: b1058
extent_server: get 1
	im: get_inode 1
   unique: 36, error: -2 (No such file or directory), outsize: 16
unique: 38, opcode: CREATE (35), nodeid: 1, insize: 62, pid: 1058
lookup parent: 1, name: b1058
extent_server: get 1
	im: get_inode 1
extent_server: create inode
	im: get_inode 1
	im: get_inode 2
	im: get_inode 3
	im: inode not exist
	im: put_inode 3
extent_server: get 1
	im: get_inode 1
	im: get_inode 1
	im: put_inode 1
extent_server: getattr 3
	im: get_inode 3
isfile: 3 is a file
getattr 0000000000000003 1
extent_server: getattr 3
	im: get_inode 3
isfile: 3 is a file
getfile 0000000000000003
extent_server: getattr 3
	im: get_inode 3
getfile 0000000000000003 -> sz 0
   getattr -> 0
   unique: 38, success, outsize: 160
OK: create returns.
unique: 40, opcode: IOCTL (39), nodeid: 3, insize: 72, pid: 1058
   unique: 40, error: -38 (Function not implemented), outsize: 16
unique: 42, opcode: GETATTR (3), nodeid: 3, insize: 56, pid: 1058
extent_server: getattr 3
	im: get_inode 3
isfile: 3 is a file
getattr 0000000000000003 1
extent_server: getattr 3
	im: get_inode 3
isfile: 3 is a file
getfile 0000000000000003
extent_server: getattr 3
	im: get_inode 3
getfile 0000000000000003 -> sz 0
   getattr -> 0
   unique: 42, success, outsize: 120
unique: 44, opcode: WRITE (16), nodeid: 3, insize: 4176, pid: 1058
extent_server: get 3
	im: get_inode 3
	im: get_inode 3
	im: alloc_block_nth 0
	im: alloc_block_nth 1
	im: alloc_block_nth 2
	im: alloc_block_nth 3
	im: alloc_block_nth 4
	im: alloc_block_nth 5
	im: alloc_block_nth 6
	im: alloc_block_nth 7
	im: put_inode 3
   unique: 44, success, outsize: 24
unique: 46, opcode: WRITE (16), nodeid: 3, insize: 95, pid: 1058
extent_server: get 3
	im: get_inode 3
	im: get_inode 3
	im: alloc_block_nth 8
	im: put_inode 3
   unique: 46, success, outsize: 24
unique: 48, opcode: RELEASE (18), nodeid: 3, insize: 64, pid: 0
   unique: 48, success, outsize: 16
unique: 50, opcode: LOOKUP (1), nodeid: 1, insize: 46, pid: 1058
lookup parent: 1, name: b1058
extent_server: get 1
	im: get_inode 1
extent_server: getattr 3
	im: get_inode 3
isfile: 3 is a file
getattr 0000000000000003 1
extent_server: getattr 3
	im: get_inode 3
isfile: 3 is a file
getfile 0000000000000003
extent_server: getattr 3
	im: get_inode 3
getfile 0000000000000003 -> sz 4111
   getattr -> 4111
   unique: 50, success, outsize: 144
unique: 52, opcode: OPEN (14), nodeid: 3, insize: 48, pid: 1058
   unique: 52, success, outsize: 32
unique: 54, opcode: IOCTL (39), nodeid: 3, insize: 72, pid: 1058
   unique: 54, error: -38 (Function not implemented), outsize: 16
unique: 56, opcode: GETATTR (3), nodeid: 3, insize: 56, pid: 1058
extent_server: getattr 3
	im: get_inode 3
isfile: 3 is a file
getattr 0000000000000003 1
extent_server: getattr 3
	im: get_inode 3
isfile: 3 is a file
getfile 0000000000000003
extent_server: getattr 3
	im: get_inode 3
getfile 0000000000000003 -> sz 4111
   getattr -> 4111
   unique: 56, success, outsize: 120
unique: 58, opcode: GETATTR (3), nodeid: 3, insize: 56, pid: 1058
extent_server: getattr 3
	im: get_inode 3
isfile: 3 is a file
getattr 0000000000000003 1
extent_server: getattr 3
	im: get_inode 3
isfile: 3 is a file
getfile 0000000000000003
extent_server: getattr 3
	im: get_inode 3
getfile 0000000000000003 -> sz 4111
   getattr -> 4111
   unique: 58, success, outsize: 120
unique: 60, opcode: READ (15), nodeid: 3, insize: 80, pid: 1058
extent_server: get 3
	im: get_inode 3
   unique: 60, success, outsize: 4127
unique: 62, opcode: GETATTR (3), nodeid: 3, insize: 56, pid: 1058
extent_server: getattr 3
	im: get_inode 3
isfile: 3 is a file
getattr 0000000000000003 1
extent_server: getattr 3
	im: get_inode 3
isfile: 3 is a file
getfile 0000000000000003
extent_server: getattr 3
	im: get_inode 3
getfile 0000000000000003 -> sz 4111
   getattr -> 4111
   unique: 62, success, outsize: 120
unique: 64, opcode: RELEASE (18), nodeid: 3, insize: 64, pid: 0
   unique: 64, success, outsize: 16
unique: 66, opcode: LOOKUP (1), nodeid: 1, insize: 46, pid: 1058
lookup parent: 1, name: a1058
extent_server: get 1
	im: get_inode 1
extent_server: getattr 2
	im: get_inode 2
isfile: 2 is a file
getattr 0000000000000002 1
extent_server: getattr 2
	im: get_inode 2
isfile: 2 is a file
getfile 0000000000000002
extent_server: getattr 2
	im: get_inode 2
getfile 0000000000000002 -> sz 600
   getattr -> 600
   unique: 66, success, outsize: 144
unique: 68, opcode: OPEN (14), nodeid: 2, insize: 48, pid: 1058
   unique: 68, success, outsize: 32
unique: 70, opcode: IOCTL (39), nodeid: 2, insize: 72, pid: 1058
   unique: 70, error: -38 (Function not implemented), outsize: 16
unique: 72, opcode: GETATTR (3), nodeid: 2, insize: 56, pid: 1058
extent_server: getattr 2
	im: get_inode 2
isfile: 2 is a file
getattr 0000000000000002 1
extent_server: getattr 2
	im: get_inode 2
isfile: 2 is a file
getfile 0000000000000002
extent_server: getattr 2
	im: get_inode 2
getfile 0000000000000002 -> sz 600
   getattr -> 600
   unique: 72, success, outsize: 120
unique: 74, opcode: GETATTR (3), nodeid: 2, insize: 56, pid: 1058
extent_server: getattr 2
	im: get_inode 2
isfile: 2 is a file
getattr 0000000000000002 1
extent_server: getattr 2
	im: get_inode 2
isfile: 2 is a file
getfile 0000000000000002
extent_server: getattr 2
	im: get_inode 2
getfile 0000000000000002 -> sz 600
   getattr -> 600
   unique: 74, success, outsize: 120
unique: 76, opcode: READ (15), nodeid: 2, insize: 80, pid: 1058
extent_server: get 2
	im: get_inode 2
   unique: 76, success, outsize: 616
unique: 78, opcode: GETATTR (3), nodeid: 2, insize: 56, pid: 1058
extent_server: getattr 2
	im: get_inode 2
isfile: 2 is a file
getattr 0000000000000002 1
extent_server: getattr 2
	im: get_inode 2
isfile: 2 is a file
getfile 0000000000000002
extent_server: getattr 2
	im: get_inode 2
getfile 0000000000000002 -> sz 600
   getattr -> 600
   unique: 78, success, outsize: 120
unique: 80, opcode: RELEASE (18), nodeid: 2, insize: 64, pid: 0
   unique: 80, success, outsize: 16
unique: 82, opcode: LOOKUP (1), nodeid: 1, insize: 46, pid: 1058
lookup parent: 1, name: a1058
extent_server: get 1
	im: get_inode 1
extent_server: getattr 2
	im: get_inode 2
isfile: 2 is a file
getattr 0000000000000002 1
extent_server: getattr 2
	im: get_inode 2
isfile: 2 is a file
getfile 0000000000000002
extent_server: getattr 2
	im: get_inode 2
getfile 0000000000000002 -> sz 600
   getattr -> 600
   unique: 82, success, outsize: 144
unique: 84, opcode: OPEN (14), nodeid: 2, insize: 48, pid: 1058
   unique: 84, success, outsize: 32
unique: 86, opcode: SETATTR (4), nodeid: 2, insize: 128, pid: 1058
fuseserver_setattr 0x8
   fuseserver_setattr set size to 0
extent_server: get 2
	im: get_inode 2
	im: get_inode 2
	im: put_inode 2
extent_server: getattr 2
	im: get_inode 2
isfile: 2 is a file
getattr 0000000000000002 1
extent_server: getattr 2
	im: get_inode 2
isfile: 2 is a file
getfile 0000000000000002
extent_server: getattr 2
	im: get_inode 2
getfile 0000000000000002 -> sz 0
   getattr -> 0
   unique: 86, success, outsize: 120
unique: 88, opcode: IOCTL (39), nodeid: 2, insize: 72, pid: 1058
   unique: 88, error: -38 (Function not implemented), outsize: 16
unique: 90, opcode: GETATTR (3), nodeid: 2, insize: 56, pid: 1058
extent_server: getattr 2
	im: get_inode 2
isfile: 2 is a file
getattr 0000000000000002 1
extent_server: getattr 2
	im: get_inode 2
isfile: 2 is a file
getfile 0000000000000002
extent_server: getattr 2
	im: get_inode 2
getfile 0000000000000002 -> sz 0
   getattr -> 0
   unique: 90, success, outsize: 120
unique: 92, opcode: WRITE (16), nodeid: 2, insize: 355, pid: 1058
extent_server: get 2
	im: get_inode 2
	im: get_inode 2
	im: alloc_block_nth 0
	im: put_inode 2
   unique: 92, success, outsize: 24
unique: 94, opcode: RELEASE (18), nodeid: 2, insize: 64, pid: 0
   unique: 94, success, outsize: 16
unique: 96, opcode: LOOKUP (1), nodeid: 1, insize: 46, pid: 1058
lookup parent: 1, name: a1058
extent_server: get 1
	im: get_inode 1
extent_server: getattr 2
	im: get_inode 2
isfile: 2 is a file
getattr 0000000000000002 1
extent_server: getattr 2
	im: get_inode 2
isfile: 2 is a file
getfile 0000000000000002
extent_server: getattr 2
	im: get_inode 2
getfile 0000000000000002 -> sz 275
   getattr -> 275
   unique: 96, success, outsize: 144
unique: 98, opcode: OPEN (14), nodeid: 2, insize: 48, pid: 1058
   unique: 98, success, outsize: 32
unique: 100, opcode: IOCTL (39), nodeid: 2, insize: 72, pid: 1058
   unique: 100, error: -38 (Function not implemented), outsize: 16
unique: 102, opcode: GETATTR (3), nodeid: 2, insize: 56, pid: 1058
extent_server: getattr 2
	im: get_inode 2
isfile: 2 is a file
getattr 0000000000000002 1
extent_server: getattr 2
	im: get_inode 2
isfile: 2 is a file
getfile 0000000000000002
extent_server: getattr 2
	im: get_inode 2
getfile 0000000000000002 -> sz 275
   getattr -> 275
   unique: 102, success, outsize: 120
unique: 104, opcode: GETATTR (3), nodeid: 2, insize: 56, pid: 1058
extent_server: getattr 2
	im: get_inode 2
isfile: 2 is a file
getattr 0000000000000002 1
extent_server: getattr 2
	im: get_inode 2
isfile: 2 is a file
getfile 0000000000000002
extent_server: getattr 2
	im: get_inode 2
getfile 0000000000000002 -> sz 275
   getattr -> 275
   unique: 104, success, outsize: 120
unique: 106, opcode: READ (15), nodeid: 2, insize: 80, pid: 1058
extent_server: get 2
	im: get_inode 2
   unique: 106, success, outsize: 291
unique: 108, opcode: GETATTR (3), nodeid: 2, insize: 56, pid: 1058
extent_server: getattr 2
	im: get_inode 2
isfile: 2 is a file
getattr 0000000000000002 1
extent_server: getattr 2
	im: get_inode 2
isfile: 2 is a file
getfile 0000000000000002
extent_server: getattr 2
	im: get_inode 2
getfile 0000000000000002 -> sz 275
   getattr -> 275
   unique: 108, success, outsize: 120
unique: 110, opcode: RELEASE (18), nodeid: 2, insize: 64, pid: 0
   unique: 110, success, outsize: 16
unique: 112, opcode: LOOKUP (1), nodeid: 1, insize: 46, pid: 1058
lookup parent: 1, name: b1058
extent_server: get 1
	im: get_inode 1
extent_server: getattr 3
	im: get_inode 3
isfile: 3 is a file
getattr 0000000000000003 1
extent_server: getattr 3
	im: get_inode 3
isfile: 3 is a file
getfile 0000000000000003
extent_server: getattr 3
	im: get_inode 3
getfile 0000000000000003 -> sz 4111
   getattr -> 4111
   unique: 112, success, outsize: 144
unique: 114, opcode: OPEN (14), nodeid: 3, insize: 48, pid: 1058
   unique: 114, success, outsize: 32
unique: 116, opcode: IOCTL (39), nodeid: 3, insize: 72, pid: 1058
   unique: 116, error: -38 (Function not implemented), outsize: 16
unique: 118, opcode: GETATTR (3), nodeid: 3, insize: 56, pid: 1058
extent_server: getattr 3
	im: get_inode 3
isfile: 3 is a file
getattr 0000000000000003 1
extent_server: getattr 3
	im: get_inode 3
isfile: 3 is a file
getfile 0000000000000003
extent_server: getattr 3
	im: get_inode 3
getfile 0000000000000003 -> sz 4111
   getattr -> 4111
   unique: 118, success, outsize: 120
unique: 120, opcode: GETATTR (3), nodeid: 3, insize: 56, pid: 1058
extent_server: getattr 3
	im: get_inode 3
isfile: 3 is a file
getattr 0000000000000003 1
extent_server: getattr 3
	im: get_inode 3
isfile: 3 is a file
getfile 0000000000000003
extent_server: getattr 3
	im: get_inode 3
getfile 0000000000000003 -> sz 4111
   getattr -> 4111
   unique: 120, success, outsize: 120
unique: 122, opcode: READ (15), nodeid: 3, insize: 80, pid: 1058
extent_server: get 3
	im: get_inode 3
   unique: 122, success, outsize: 4127
unique: 124, opcode: GETATTR (3), nodeid: 3, insize: 56, pid: 1058
extent_server: getattr 3
	im: get_inode 3
isfile: 3 is a file
getattr 0000000000000003 1
extent_server: getattr 3
	im: get_inode 3
isfile: 3 is a file
getfile 0000000000000003
extent_server: getattr 3
	im: get_inode 3
getfile 0000000000000003 -> sz 4111
   getattr -> 4111
   unique: 124, success, outsize: 120
unique: 126, opcode: RELEASE (18), nodeid: 3, insize: 64, pid: 0
   unique: 126, success, outsize: 16
unique: 128, opcode: LOOKUP (1), nodeid: 1, insize: 46, pid: 1058
lookup parent: 1, name: a1058
extent_server: get 1
	im: get_inode 1
extent_server: getattr 2
	im: get_inode 2
isfile: 2 is a file
getattr 0000000000000002 1
extent_server: getattr 2
	im: get_inode 2
isfile: 2 is a file
getfile 0000000000000002
extent_server: getattr 2
	im: get_inode 2
getfile 0000000000000002 -> sz 275
   getattr -> 275
   unique: 128, success, outsize: 144
unique: 130, opcode: OPEN (14), nodeid: 2, insize: 48, pid: 1058
   unique: 130, success, outsize: 32
unique: 132, opcode: SETATTR (4), nodeid: 2, insize: 128, pid: 1058
fuseserver_setattr 0x8
   fuseserver_setattr set size to 0
extent_server: get 2
	im: get_inode 2
	im: get_inode 2
	im: put_inode 2
extent_server: getattr 2
	im: get_inode 2
isfile: 2 is a file
getattr 0000000000000002 1
extent_server: getattr 2
	im: get_inode 2
isfile: 2 is a file
getfile 0000000000000002
extent_server: getattr 2
	im: get_inode 2
getfile 0000000000000002 -> sz 0
   getattr -> 0
   unique: 132, success, outsize: 120
unique: 134, opcode: IOCTL (39), nodeid: 2, insize: 72, pid: 1058
   unique: 134, error: -38 (Function not implemented), outsize: 16
unique: 136, opcode: GETATTR (3), nodeid: 2, insize: 56, pid: 1058
extent_server: getattr 2
	im: get_inode 2
isfile: 2 is a file
getattr 0000000000000002 1
extent_server: getattr 2
	im: get_inode 2
isfile: 2 is a file
getfile 0000000000000002
extent_server: getattr 2
	im: get_inode 2
getfile 0000000000000002 -> sz 0
   getattr -> 0
   unique: 136, success, outsize: 120
unique: 138, opcode: WRITE (16), nodeid: 2, insize: 4176, pid: 1058
extent_server: get 2
	im: get_inode 2
	im: get_inode 2
	im: alloc_block_nth 0
	im: alloc_block_nth 1
	im: alloc_block_nth 2
	im: alloc_block_nth 3
	im: alloc_block_nth 4
	im: alloc_block_nth 5
	im: alloc_block_nth 6
	im: alloc_block_nth 7
	im: put_inode 2
   unique: 138, success, outsize: 24
unique: 140, opcode: WRITE (16), nodeid: 2, insize: 4176, pid: 1058
extent_server: get 2
	im: get_inode 2
	im: get_inode 2
	im: alloc_block_nth 8
	im: alloc_block_nth 9
	im: alloc_block_nth 10
	im: alloc_block_nth 11
	im: alloc_block_nth 12
	im: alloc_block_nth 13
	im: alloc_block_nth 14
	im: alloc_block_nth 15
	im: put_inode 2
   unique: 140, success, outsize: 24
unique: 142, opcode: RELEASE (18), nodeid: 2, insize: 64, pid: 0
   unique: 142, success, outsize: 16
unique: 144, opcode: LOOKUP (1), nodeid: 1, insize: 46, pid: 1058
lookup parent: 1, name: a1058
extent_server: get 1
	im: get_inode 1
extent_server: getattr 2
	im: get_inode 2
isfile: 2 is a file
getattr 0000000000000002 1
extent_server: getattr 2
	im: get_inode 2
isfile: 2 is a file
getfile 0000000000000002
extent_server: getattr 2
	im: get_inode 2
getfile 0000000000000002 -> sz 8192
   getattr -> 8192
   unique: 144, success, outsize: 144
unique: 146, opcode: OPEN (14), nodeid: 2, insize: 48, pid: 1058
   unique: 146, success, outsize: 32
unique: 148, opcode: IOCTL (39), nodeid: 2, insize: 72, pid: 1058
   unique: 148, error: -38 (Function not implemented), outsize: 16
unique: 150, opcode: GETATTR (3), nodeid: 2, insize: 56, pid: 1058
extent_server: getattr 2
	im: get_inode 2
isfile: 2 is a file
getattr 0000000000000002 1
extent_server: getattr 2
	im: get_inode 2
isfile: 2 is a file
getfile 0000000000000002
extent_server: getattr 2
	im: get_inode 2
getfile 0000000000000002 -> sz 8192
   getattr -> 8192
   unique: 150, success, outsize: 120
unique: 152, opcode: GETATTR (3), nodeid: 2, insize: 56, pid: 1058
extent_server: getattr 2
	im: get_inode 2
isfile: 2 is a file
getattr 0000000000000002 1
extent_server: getattr 2
	im: get_inode 2
isfile: 2 is a file
getfile 0000000000000002
extent_server: getattr 2
	im: get_inode 2
getfile 0000000000000002 -> sz 8192
   getattr -> 8192
   unique: 152, success, outsize: 120
unique: 154, opcode: WRITE (16), nodeid: 2, insize: 4176, pid: 1058
extent_server: get 2
	im: get_inode 2
	im: get_inode 2
	im: alloc_block_nth 16
	im: alloc_block_nth 17
	im: alloc_block_nth 18
	im: alloc_block_nth 19
	im: alloc_block_nth 20
	im: alloc_block_nth 21
	im: alloc_block_nth 22
	im: alloc_block_nth 23
	im: put_inode 2
   unique: 154, success, outsize: 24
unique: 156, opcode: WRITE (16), nodeid: 2, insize: 2991, pid: 1058
extent_server: get 2
	im: get_inode 2
	im: get_inode 2
	im: alloc_block_nth 24
	im: alloc_block_nth 25
	im: alloc_block_nth 26
	im: alloc_block_nth 27
	im: alloc_block_nth 28
	im: alloc_block_nth 29
	im: put_inode 2
   unique: 156, success, outsize: 24
unique: 158, opcode: RELEASE (18), nodeid: 2, insize: 64, pid: 0
   unique: 158, success, outsize: 16
unique: 160, opcode: LOOKUP (1), nodeid: 1, insize: 46, pid: 1058
lookup parent: 1, name: a1058
extent_server: get 1
	im: get_inode 1
extent_server: getattr 2
	im: get_inode 2
isfile: 2 is a file
getattr 0000000000000002 1
extent_server: getattr 2
	im: get_inode 2
isfile: 2 is a file
getfile 0000000000000002
extent_server: getattr 2
	im: get_inode 2
getfile 0000000000000002 -> sz 15199
   getattr -> 15199
   unique: 160, success, outsize: 144
unique: 162, opcode: OPEN (14), nodeid: 2, insize: 48, pid: 1058
   unique: 162, success, outsize: 32
unique: 164, opcode: IOCTL (39), nodeid: 2, insize: 72, pid: 1058
   unique: 164, error: -38 (Function not implemented), outsize: 16
unique: 166, opcode: GETATTR (3), nodeid: 2, insize: 56, pid: 1058
extent_server: getattr 2
	im: get_inode 2
isfile: 2 is a file
getattr 0000000000000002 1
extent_server: getattr 2
	im: get_inode 2
isfile: 2 is a file
getfile 0000000000000002
extent_server: getattr 2
	im: get_inode 2
getfile 0000000000000002 -> sz 15199
   getattr -> 15199
   unique: 166, success, outsize: 120
unique: 168, opcode: READ (15), nodeid: 2, insize: 80, pid: 1058
extent_server: get 2
	im: get_inode 2
   unique: 168, success, outsize: 15215
unique: 170, opcode: GETATTR (3), nodeid: 2, insize: 56, pid: 1058
extent_server: getattr 2
	im: get_inode 2
isfile: 2 is a file
getattr 0000000000000002 1
extent_server: getattr 2
	im: get_inode 2
isfile: 2 is a file
getfile 0000000000000002
extent_server: getattr 2
	im: get_inode 2
getfile 0000000000000002 -> sz 15199
   getattr -> 15199
   unique: 170, success, outsize: 120
unique: 172, opcode: GETATTR (3), nodeid: 2, insize: 56, pid: 1058
extent_server: getattr 2
	im: get_inode 2
isfile: 2 is a file
getattr 0000000000000002 1
extent_server: getattr 2
	im: get_inode 2
isfile: 2 is a file
getfile 0000000000000002
extent_server: getattr 2
	im: get_inode 2
getfile 0000000000000002 -> sz 15199
   getattr -> 15199
   unique: 172, success, outsize: 120
unique: 174, opcode: RELEASE (18), nodeid: 2, insize: 64, pid: 0
   unique: 174, success, outsize: 16
unique: 176, opcode: LOOKUP (1), nodeid: 1, insize: 46, pid: 1058
lookup parent: 1, name: a1058
extent_server: get 1
	im: get_inode 1
extent_server: getattr 2
	im: get_inode 2
isfile: 2 is a file
getattr 0000000000000002 1
extent_server: getattr 2
	im: get_inode 2
isfile: 2 is a file
getfile 0000000000000002
extent_server: getattr 2
	im: get_inode 2
getfile 0000000000000002 -> sz 15199
   getattr -> 15199
   unique: 176, success, outsize: 144
unique: 178, opcode: OPEN (14), nodeid: 2, insize: 48, pid: 1058
   unique: 178, success, outsize: 32
unique: 180, opcode: IOCTL (39), nodeid: 2, insize: 72, pid: 1058
   unique: 180, error: -38 (Function not implemented), outsize: 16
unique: 182, opcode: GETATTR (3), nodeid: 2, insize: 56, pid: 1058
extent_server: getattr 2
	im: get_inode 2
isfile: 2 is a file
getattr 0000000000000002 1
extent_server: getattr 2
	im: get_inode 2
isfile: 2 is a file
getfile 0000000000000002
extent_server: getattr 2
	im: get_inode 2
getfile 0000000000000002 -> sz 15199
   getattr -> 15199
   unique: 182, success, outsize: 120
unique: 184, opcode: WRITE (16), nodeid: 2, insize: 99, pid: 1058
extent_server: get 2
	im: get_inode 2
	im: get_inode 2
	im: put_inode 2
   unique: 184, success, outsize: 24
unique: 186, opcode: RELEASE (18), nodeid: 2, insize: 64, pid: 0
   unique: 186, success, outsize: 16
unique: 188, opcode: LOOKUP (1), nodeid: 1, insize: 46, pid: 1058
lookup parent: 1, name: a1058
extent_server: get 1
	im: get_inode 1
extent_server: getattr 2
	im: get_inode 2
isfile: 2 is a file
getattr 0000000000000002 1
extent_server: getattr 2
	im: get_inode 2
isfile: 2 is a file
getfile 0000000000000002
extent_server: getattr 2
	im: get_inode 2
getfile 0000000000000002 -> sz 15199
   getattr -> 15199
   unique: 188, success, outsize: 144
unique: 190, opcode: OPEN (14), nodeid: 2, insize: 48, pid: 1058
   unique: 190, success, outsize: 32
unique: 192, opcode: IOCTL (39), nodeid: 2, insize: 72, pid: 1058
   unique: 192, error: -38 (Function not implemented), outsize: 16
unique: 194, opcode: GETATTR (3), nodeid: 2, insize: 56, pid: 1058
extent_server: getattr 2
	im: get_inode 2
isfile: 2 is a file
getattr 0000000000000002 1
extent_server: getattr 2
	im: get_inode 2
isfile: 2 is a file
getfile 0000000000000002
extent_server: getattr 2
	im: get_inode 2
getfile 0000000000000002 -> sz 15199
   getattr -> 15199
   unique: 194, success, outsize: 120
unique: 196, opcode: READ (15), nodeid: 2, insize: 80, pid: 1058
extent_server: get 2
	im: get_inode 2
   unique: 196, success, outsize: 15215
unique: 198, opcode: GETATTR (3), nodeid: 2, insize: 56, pid: 1058
extent_server: getattr 2
	im: get_inode 2
isfile: 2 is a file
getattr 0000000000000002 1
extent_server: getattr 2
	im: get_inode 2
isfile: 2 is a file
getfile 0000000000000002
extent_server: getattr 2
	im: get_inode 2
getfile 0000000000000002 -> sz 15199
   getattr -> 15199
   unique: 198, success, outsize: 120
unique: 200, opcode: GETATTR (3), nodeid: 2, insize: 56, pid: 1058
extent_server: getattr 2
	im: get_inode 2
isfile: 2 is a file
getattr 0000000000000002 1
extent_server: getattr 2
	im: get_inode 2
isfile: 2 is a file
getfile 0000000000000002
extent_server: getattr 2
	im: get_inode 2
getfile 0000000000000002 -> sz 15199
   getattr -> 15199
   unique: 200, success, outsize: 120
unique: 202, opcode: RELEASE (18), nodeid: 2, insize: 64, pid: 0
   unique: 202, success, outsize: 16
unique: 204, opcode: LOOKUP (1), nodeid: 1, insize: 46, pid: 1058
lookup parent: 1, name: a1058
extent_server: get 1
	im: get_inode 1
extent_server: getattr 2
	im: get_inode 2
isfile: 2 is a file
getattr 0000000000000002 1
extent_server: getattr 2
	im: get_inode 2
isfile: 2 is a file
getfile 0000000000000002
extent_server: getattr 2
	im: get_inode 2
getfile 0000000000000002 -> sz 15199
   getattr -> 15199
   unique: 204, success, outsize: 144
unique: 206, opcode: OPEN (14), nodeid: 2, insize: 48, pid: 1058
   unique: 206, success, outsize: 32
unique: 208, opcode: IOCTL (39), nodeid: 2, insize: 72, pid: 1058
   unique: 208, error: -38 (Function not implemented), outsize: 16
unique: 210, opcode: GETATTR (3), nodeid: 2, insize: 56, pid: 1058
extent_server: getattr 2
	im: get_inode 2
isfile: 2 is a file
getattr 0000000000000002 1
extent_server: getattr 2
	im: get_inode 2
isfile: 2 is a file
getfile 0000000000000002
extent_server: getattr 2
	im: get_inode 2
getfile 0000000000000002 -> sz 15199
   getattr -> 15199
   unique: 210, success, outsize: 120
unique: 212, opcode: WRITE (16), nodeid: 2, insize: 96, pid: 1058
extent_server: get 2
	im: get_inode 2
	im: get_inode 2
	im: alloc_block_nth 30
	im: alloc_block_nth 31
	im: alloc_block_nth 32
	im: alloc_block_nth 33
	im: alloc_block_nth 34
	im: alloc_block_nth 35
	im: alloc_block_nth 36
	im: alloc_block_nth 37
	im: alloc_block_nth 38
	im: alloc_block_nth 39
	im: alloc_block_nth 40
	im: alloc_block_nth 41
	im: alloc_block_nth 42
	im: alloc_block_nth 43
	im: alloc_block_nth 44
	im: alloc_block_nth 45
	im: alloc_block_nth 46
	im: alloc_block_nth 47
	im: alloc_block_nth 48
	im: alloc_block_nth 49
	im: alloc_block_nth 50
	im: alloc_block_nth 51
	im: alloc_block_nth 52
	im: alloc_block_nth 53
	im: alloc_block_nth 54
	im: alloc_block_nth 55
	im: alloc_block_nth 56
	im: alloc_block_nth 57
	im: alloc_block_nth 58
	im: alloc_block_nth 59
	im: alloc_block_nth 60
	im: alloc_block_nth 61
	im: alloc_block_nth 62
	im: alloc_block_nth 63
	im: alloc_block_nth 64
	im: alloc_block_nth 65
	im: alloc_block_nth 66
	im: alloc_block_nth 67
	im: alloc_block_nth 68
	im: alloc_block_nth 69
	im: alloc_block_nth 70
	im: alloc_block_nth 71
	im: alloc_block_nth 72
	im: alloc_block_nth 73
	im: alloc_block_nth 74
	im: alloc_block_nth 75
	im: alloc_block_nth 76
	im: alloc_block_nth 77
	im: alloc_block_nth 78
	im: alloc_block_nth 79
	im: alloc_block_nth 80
	im: alloc_block_nth 81
	im: alloc_block_nth 82
	im: alloc_block_nth 83
	im: alloc_block_nth 84
	im: alloc_block_nth 85
	im: alloc_block_nth 86
	im: alloc_block_nth 87
	im: alloc_block_nth 88
	im: alloc_block_nth 89
	im: alloc_block_nth 90
	im: alloc_block_nth 91
	im: alloc_block_nth 92
	im: alloc_block_nth 93
	im: alloc_block_nth 94
	im: alloc_block_nth 95
	im: alloc_block_nth 96
	im: alloc_block_nth 97
	im: alloc_block_nth 98
	im: alloc_block_nth 99
	im: alloc_block_nth 100
	im: alloc_block_nth new NINDIRECT!
	im: alloc_block_nth 101
	im: alloc_block_nth 102
	im: alloc_block_nth 103
	im: alloc_block_nth 104
	im: alloc_block_nth 105
	im: alloc_block_nth 106
	im: alloc_block_nth 107
	im: alloc_block_nth 108
	im: alloc_block_nth 109
	im: alloc_block_nth 110
	im: alloc_block_nth 111
	im: alloc_block_nth 112
	im: alloc_block_nth 113
	im: alloc_block_nth 114
	im: alloc_block_nth 115
	im: alloc_block_nth 116
	im: alloc_block_nth 117
	im: alloc_block_nth 118
	im: alloc_block_nth 119
	im: alloc_block_nth 120
	im: alloc_block_nth 121
	im: alloc_block_nth 122
	im: alloc_block_nth 123
	im: alloc_block_nth 124
	im: alloc_block_nth 125
	im: alloc_block_nth 126
	im: alloc_block_nth 127
	im: alloc_block_nth 128
	im: put_inode 2
   unique: 212, success, outsize: 24
unique: 214, opcode: RELEASE (18), nodeid: 2, insize: 64, pid: 0
   unique: 214, success, outsize: 16
unique: 216, opcode: LOOKUP (1), nodeid: 1, insize: 46, pid: 1058
lookup parent: 1, name: a1058
extent_server: get 1
	im: get_inode 1
extent_server: getattr 2
	im: get_inode 2
isfile: 2 is a file
getattr 0000000000000002 1
extent_server: getattr 2
	im: get_inode 2
isfile: 2 is a file
getfile 0000000000000002
extent_server: getattr 2
	im: get_inode 2
getfile 0000000000000002 -> sz 65552
   getattr -> 65552
   unique: 216, success, outsize: 144
unique: 218, opcode: OPEN (14), nodeid: 2, insize: 48, pid: 1058
   unique: 218, success, outsize: 32
unique: 220, opcode: IOCTL (39), nodeid: 2, insize: 72, pid: 1058
   unique: 220, error: -38 (Function not implemented), outsize: 16
unique: 222, opcode: GETATTR (3), nodeid: 2, insize: 56, pid: 1058
extent_server: getattr 2
	im: get_inode 2
isfile: 2 is a file
getattr 0000000000000002 1
extent_server: getattr 2
	im: get_inode 2
isfile: 2 is a file
getfile 0000000000000002
extent_server: getattr 2
	im: get_inode 2
getfile 0000000000000002 -> sz 65552
   getattr -> 65552
   unique: 222, success, outsize: 120
unique: 224, opcode: READ (15), nodeid: 2, insize: 80, pid: 1058
extent_server: get 2
	im: get_inode 2
	im: put_inode 2
   unique: 224, success, outsize: 16400
unique: 226, opcode: READ (15), nodeid: 2, insize: 80, pid: 1058
extent_server: get 2
	im: get_inode 2
	im: put_inode 2
   unique: 226, success, outsize: 32784
unique: 228, opcode: READ (15), nodeid: 2, insize: 80, pid: 1058
extent_server: get 2
	im: get_inode 2
	im: put_inode 2
   unique: 228, success, outsize: 16416
unique: 230, opcode: GETATTR (3), nodeid: 2, insize: 56, pid: 1058
extent_server: getattr 2
	im: get_inode 2
isfile: 2 is a file
getattr 0000000000000002 1
extent_server: getattr 2
	im: get_inode 2
isfile: 2 is a file
getfile 0000000000000002
extent_server: getattr 2
	im: get_inode 2
getfile 0000000000000002 -> sz 65552
   getattr -> 65552
   unique: 230, success, outsize: 120
unique: 232, opcode: GETATTR (3), nodeid: 2, insize: 56, pid: 1058
extent_server: getattr 2
	im: get_inode 2
isfile: 2 is a file
getattr 0000000000000002 1
extent_server: getattr 2
	im: get_inode 2
isfile: 2 is a file
getfile 0000000000000002
extent_server: getattr 2
	im: get_inode 2
getfile 0000000000000002 -> sz 65552
   getattr -> 65552
   unique: 232, success, outsize: 120
unique: 234, opcode: RELEASE (18), nodeid: 2, insize: 64, pid: 0
   unique: 234, success, outsize: 16
unique: 236, opcode: LOOKUP (1), nodeid: 1, insize: 49, pid: 1058
lookup parent: 1, name: z-1058-z
extent_server: get 1
	im: get_inode 1
   unique: 236, error: -2 (No such file or directory), outsize: 16
unique: 238, opcode: OPENDIR (27), nodeid: 1, insize: 48, pid: 1058
   unique: 238, success, outsize: 32
unique: 240, opcode: GETATTR (3), nodeid: 1, insize: 56, pid: 1058
extent_server: getattr 1
	im: get_inode 1
isfile: 1 is a dir
getattr 0000000000000001 0
extent_server: getattr 1
	im: get_inode 1
isfile: 1 is a dir
getdir 0000000000000001
extent_server: getattr 1
	im: get_inode 1
   getattr -> 1633778481 1633778488 1633778488
   unique: 240, success, outsize: 120
unique: 242, opcode: READDIR (28), nodeid: 1, insize: 80, pid: 1058
fuseserver_readdir
extent_server: getattr 1
	im: get_inode 1
isfile: 1 is a dir
extent_server: get 1
	im: get_inode 1
   unique: 242, success, outsize: 80
unique: 244, opcode: READDIR (28), nodeid: 1, insize: 80, pid: 1058
fuseserver_readdir
extent_server: getattr 1
	im: get_inode 1
isfile: 1 is a dir
extent_server: get 1
	im: get_inode 1
   unique: 244, success, outsize: 16
unique: 246, opcode: RELEASEDIR (29), nodeid: 1, insize: 64, pid: 0
   unique: 246, success, outsize: 16
